SF:lib/models/appwrite_models.dart
DA:19,3
DA:35,0
DA:36,0
DA:37,0
DA:38,0
DA:39,0
DA:40,0
DA:41,0
DA:42,0
DA:43,0
DA:44,0
DA:45,0
DA:46,0
DA:47,0
DA:48,0
DA:49,0
DA:79,4
DA:98,0
DA:99,0
DA:100,0
DA:101,0
DA:102,0
DA:103,0
DA:104,0
DA:105,0
DA:106,0
DA:107,0
DA:108,0
DA:109,0
DA:110,0
DA:111,0
DA:112,0
DA:113,0
DA:114,0
DA:115,0
DA:116,0
DA:117,0
DA:133,1
DA:145,0
DA:146,0
DA:147,0
DA:148,0
DA:149,0
DA:150,0
DA:151,0
DA:152,0
DA:153,0
DA:154,0
DA:155,0
DA:171,0
DA:183,0
DA:184,0
DA:185,0
DA:186,0
DA:187,0
DA:188,0
DA:189,0
DA:190,0
DA:191,0
DA:192,0
DA:193,0
DA:211,0
DA:225,0
DA:226,0
DA:227,0
DA:228,0
DA:229,0
DA:230,0
DA:231,0
DA:232,0
DA:233,0
DA:234,0
DA:235,0
DA:236,0
DA:237,0
DA:254,0
DA:267,0
DA:268,0
DA:269,0
DA:270,0
DA:271,0
DA:272,0
DA:273,0
DA:274,0
DA:275,0
DA:276,0
DA:277,0
DA:278,0
DA:294,1
DA:306,0
DA:307,0
DA:308,0
DA:309,0
DA:310,0
DA:311,0
DA:312,0
DA:313,0
DA:314,0
DA:315,0
DA:316,0
DA:331,2
DA:342,0
DA:343,0
DA:344,0
DA:345,0
DA:346,0
DA:347,0
DA:348,0
DA:349,0
DA:350,0
DA:351,0
DA:374,1
DA:386,1
DA:387,5
DA:388,5
DA:389,4
DA:390,1
DA:391,7
DA:392,1
DA:393,1
DA:394,2
DA:395,2
DA:396,5
DA:397,3
DA:398,3
DA:399,2
DA:400,2
DA:405,1
DA:406,1
DA:408,4
DA:409,1
DA:415,8
DA:427,1
DA:437,0
DA:438,0
DA:439,0
DA:440,0
DA:441,0
DA:442,0
DA:443,0
DA:444,0
DA:445,0
DA:446,0
DA:447,0
DA:452,14
DA:491,5
DA:507,12
DA:511,14
DA:514,0
DA:518,17
DA:520,1
DA:521,1
DA:522,1
DA:523,1
DA:524,1
DA:525,1
DA:526,1
DA:527,1
DA:528,1
DA:529,1
DA:530,1
DA:531,1
DA:532,1
DA:533,0
DA:534,1
LF:165
LH:46
end_of_record
SF:lib/models/assignment_models.dart
DA:18,0
DA:19,0
DA:20,0
DA:21,0
DA:29,0
DA:30,0
DA:31,0
DA:42,0
DA:44,0
DA:45,0
DA:46,0
DA:57,0
DA:59,0
DA:60,0
DA:61,0
DA:62,0
DA:65,0
DA:66,0
DA:67,0
DA:106,2
DA:127,4
DA:130,3
DA:133,0
DA:136,0
DA:143,0
DA:144,0
DA:145,0
DA:147,0
DA:148,0
DA:149,0
DA:155,0
DA:156,0
DA:157,0
DA:158,0
DA:159,0
DA:160,0
DA:161,0
DA:162,0
DA:163,0
DA:164,0
DA:165,0
DA:166,0
DA:167,0
DA:168,0
DA:169,0
DA:170,0
DA:171,0
DA:172,0
DA:173,0
DA:174,0
DA:179,0
DA:180,0
DA:181,0
DA:182,0
DA:183,0
DA:184,0
DA:185,0
DA:186,0
DA:187,0
DA:188,0
DA:189,0
DA:190,0
DA:191,0
DA:192,0
DA:193,0
DA:194,0
DA:195,0
DA:202,2
DA:203,2
DA:204,4
DA:206,2
DA:207,2
DA:208,4
DA:209,4
DA:210,3
DA:211,4
DA:212,4
DA:237,0
DA:252,0
DA:255,0
DA:256,0
DA:257,0
DA:259,0
DA:260,0
DA:261,0
DA:267,0
DA:268,0
DA:269,0
DA:270,0
DA:271,0
DA:272,0
DA:273,0
DA:274,0
DA:275,0
DA:276,0
DA:277,0
DA:278,0
DA:279,0
DA:280,0
DA:281,0
DA:285,0
DA:286,0
DA:287,0
DA:288,0
DA:289,0
DA:290,0
DA:291,0
DA:292,0
DA:293,0
DA:294,0
DA:295,0
DA:296,0
DA:311,2
DA:312,1
DA:313,1
DA:337,1
DA:348,1
DA:349,3
DA:350,1
DA:354,4
DA:356,2
DA:357,2
DA:358,4
DA:359,3
DA:360,2
DA:361,1
DA:372,1
DA:379,6
DA:381,1
DA:382,1
DA:383,1
DA:384,1
DA:385,3
DA:386,1
DA:387,1
DA:388,3
DA:392,1
DA:393,2
DA:394,4
DA:406,1
DA:413,7
DA:416,6
DA:425,1
DA:438,0
DA:441,1
DA:442,1
DA:445,2
DA:446,2
DA:447,1
DA:448,1
DA:449,1
DA:450,1
DA:451,1
DA:455,2
DA:459,1
DA:460,1
DA:461,1
DA:462,4
DA:464,2
DA:466,1
DA:467,2
DA:468,2
DA:469,2
DA:471,4
DA:473,1
DA:474,2
DA:475,1
DA:478,4
DA:483,5
DA:485,1
DA:486,1
DA:487,1
DA:488,1
DA:495,0
DA:496,0
DA:497,0
DA:501,1
DA:502,2
DA:503,1
DA:507,0
DA:509,0
DA:510,0
DA:513,2
DA:514,10
DA:518,1
DA:519,1
DA:521,2
DA:522,1
DA:523,0
DA:524,0
DA:526,3
DA:527,1
DA:529,2
DA:530,1
DA:531,2
DA:532,0
LF:196
LH:87
end_of_record
SF:lib/screens/teacher_assignments.dart
DA:22,0
DA:23,0
DA:25,0
DA:28,0
DA:29,0
DA:33,0
DA:35,0
DA:37,0
DA:38,0
DA:39,0
DA:42,0
DA:44,0
DA:45,0
DA:47,0
DA:48,0
DA:49,0
DA:50,0
DA:52,0
DA:53,0
DA:54,0
DA:56,0
DA:63,0
DA:65,0
DA:66,0
DA:67,0
DA:68,0
DA:78,0
DA:79,0
DA:81,0
DA:82,0
DA:83,0
DA:87,0
DA:89,0
DA:91,0
DA:92,0
DA:93,0
DA:94,0
DA:97,0
DA:98,0
DA:99,0
DA:104,0
DA:105,0
DA:107,0
DA:109,0
DA:110,0
DA:111,0
DA:112,0
DA:113,0
DA:114,0
DA:120,0
DA:122,0
DA:123,0
DA:124,0
DA:126,0
DA:127,0
DA:128,0
DA:136,3
DA:137,6
DA:138,6
DA:144,0
DA:146,0
DA:148,0
DA:149,0
DA:150,0
DA:151,0
DA:152,0
DA:153,0
DA:156,0
DA:158,0
DA:159,0
DA:160,0
DA:161,0
DA:162,0
DA:168,0
DA:169,0
DA:171,0
DA:172,0
DA:174,0
DA:177,0
DA:178,0
DA:179,0
DA:180,0
DA:181,0
DA:183,0
DA:188,0
DA:190,0
DA:201,0
DA:203,0
DA:204,0
DA:217,0
DA:219,0
DA:220,0
DA:223,0
DA:225,0
DA:226,0
DA:227,0
DA:228,0
DA:231,0
DA:232,0
DA:233,0
DA:234,0
DA:235,0
DA:236,0
DA:238,0
DA:239,0
DA:240,0
DA:243,0
DA:244,0
DA:246,0
DA:249,0
DA:250,0
DA:253,0
DA:254,0
DA:256,0
DA:257,0
DA:258,0
DA:259,0
DA:260,0
DA:261,0
DA:262,0
DA:264,0
DA:266,0
DA:267,0
DA:271,0
DA:273,0
DA:274,0
DA:275,0
DA:277,0
DA:280,0
DA:283,0
DA:284,0
DA:287,0
DA:288,0
DA:289,0
DA:293,0
DA:294,0
DA:295,0
DA:296,0
DA:297,0
DA:300,0
DA:302,0
DA:303,0
DA:304,0
DA:305,0
DA:306,0
DA:307,0
DA:309,0
DA:310,0
DA:311,0
DA:312,0
DA:313,0
DA:314,0
DA:319,0
DA:320,0
DA:321,0
DA:322,0
DA:324,0
DA:325,0
DA:328,0
DA:332,0
DA:333,0
DA:334,0
DA:339,0
DA:342,0
DA:343,0
DA:345,0
DA:346,0
DA:355,0
LF:168
LH:3
end_of_record
SF:lib/data/appwrite_service.dart
DA:31,1
DA:35,1
DA:36,1
DA:39,1
DA:42,1
DA:50,1
DA:51,1
DA:52,2
DA:53,3
DA:54,3
DA:67,2
DA:68,2
DA:69,6
DA:71,2
DA:72,4
DA:73,1
DA:87,2
DA:88,2
DA:89,2
DA:90,4
DA:117,1
DA:121,3
DA:123,0
DA:124,0
DA:125,0
DA:126,0
DA:127,0
DA:128,0
DA:132,0
DA:133,0
DA:134,0
DA:135,0
DA:155,0
DA:159,0
DA:161,0
DA:162,0
DA:163,0
DA:167,0
DA:169,0
DA:170,0
DA:171,0
DA:180,0
DA:184,0
DA:185,0
DA:198,0
DA:203,0
DA:204,0
DA:205,0
DA:206,0
DA:213,0
DA:214,0
DA:219,0
DA:222,0
DA:233,0
DA:234,0
DA:235,0
DA:236,0
LF:57
LH:22
end_of_record
SF:lib/data/uniflow_api.dart
DA:8,0
DA:9,0
DA:13,0
DA:14,0
DA:15,0
DA:19,0
DA:20,0
DA:22,0
DA:23,0
DA:24,0
DA:27,0
DA:28,0
DA:29,0
DA:32,0
DA:33,0
DA:34,0
DA:37,0
DA:38,0
DA:39,0
DA:40,0
LF:20
LH:0
end_of_record
SF:lib/models/models.dart
DA:13,0
DA:26,0
DA:27,0
DA:28,0
DA:30,0
DA:31,0
DA:32,0
DA:33,0
DA:34,0
DA:35,0
DA:36,0
DA:37,0
DA:38,0
DA:39,0
DA:40,0
DA:41,0
DA:45,0
DA:46,0
DA:47,0
DA:48,0
DA:49,0
DA:50,0
DA:51,0
DA:52,0
DA:53,0
DA:54,0
DA:56,0
DA:60,4
DA:61,10
DA:73,0
DA:83,0
DA:84,0
DA:85,0
DA:86,0
DA:87,0
DA:88,0
DA:89,0
DA:90,0
DA:91,0
DA:92,0
DA:96,4
DA:97,10
DA:111,0
DA:123,0
DA:124,0
DA:125,0
DA:126,0
DA:127,0
DA:128,0
DA:129,0
DA:130,0
DA:131,0
DA:132,0
DA:143,1
DA:151,0
DA:152,0
DA:153,0
DA:154,0
DA:155,0
DA:156,0
LF:60
LH:5
end_of_record
SF:lib/models/academic_scope.dart
DA:36,5
DA:50,2
DA:52,2
DA:55,2
DA:56,4
DA:57,4
DA:58,4
DA:59,4
DA:60,4
DA:62,4
DA:63,2
DA:67,1
DA:68,1
DA:70,1
DA:75,1
DA:76,1
DA:83,2
DA:84,1
DA:85,1
DA:86,1
DA:87,1
DA:88,2
DA:89,2
DA:90,1
DA:93,6
DA:96,1
DA:97,1
DA:98,6
DA:101,3
DA:102,3
DA:106,1
DA:107,4
DA:109,1
DA:110,1
DA:113,4
DA:114,1
DA:115,1
DA:116,3
DA:117,2
DA:121,4
DA:123,4
DA:127,1
DA:129,1
DA:130,4
DA:131,5
DA:132,2
DA:133,2
DA:134,2
DA:135,2
DA:136,1
DA:140,2
DA:141,2
DA:142,2
DA:143,3
DA:144,3
DA:146,13
DA:147,1
LF:57
LH:57
end_of_record
SF:lib/models/user_role.dart
DA:25,1
DA:26,1
DA:27,1
DA:28,1
DA:29,1
DA:30,1
DA:34,0
DA:35,0
DA:36,0
DA:37,0
DA:38,0
DA:39,0
DA:46,3
DA:49,6
DA:52,2
DA:58,1
DA:59,3
DA:62,2
DA:65,0
DA:82,2
DA:87,6
DA:91,4
DA:92,4
DA:93,2
DA:94,2
DA:95,2
DA:96,2
DA:100,3
DA:103,2
DA:104,1
DA:115,6
DA:124,3
DA:125,6
DA:126,3
DA:127,3
DA:128,3
DA:130,3
DA:131,3
DA:133,3
DA:134,3
DA:135,3
DA:137,3
DA:138,1
DA:140,1
DA:141,1
DA:176,3
DA:185,6
DA:188,3
DA:367,5
DA:373,1
DA:374,1
DA:375,4
DA:376,4
DA:377,4
DA:378,2
DA:385,1
DA:386,5
DA:387,6
DA:395,2
DA:397,4
DA:398,10
DA:401,0
DA:407,2
LF:63
LH:55
end_of_record
SF:lib/providers/appwrite_provider.dart
DA:4,4
DA:5,1
LF:2
LH:2
end_of_record
SF:lib/providers/providers.dart
DA:16,3
DA:18,0
DA:20,15
DA:21,15
DA:22,15
DA:23,12
DA:25,15
DA:33,4
DA:34,4
DA:38,4
DA:39,3
DA:46,8
DA:51,0
DA:56,4
DA:57,2
DA:58,2
DA:59,1
DA:60,0
DA:65,15
DA:66,0
DA:67,0
DA:68,0
DA:71,0
DA:72,0
DA:73,0
DA:75,0
DA:84,15
DA:85,0
DA:86,0
DA:87,0
DA:88,0
DA:89,0
DA:90,0
DA:92,0
DA:93,0
DA:94,0
DA:95,0
DA:96,0
DA:99,0
DA:104,0
DA:105,0
DA:106,0
DA:111,0
DA:112,0
DA:113,0
DA:114,0
DA:122,15
DA:123,0
DA:125,0
DA:133,0
DA:134,0
DA:135,0
DA:138,0
DA:139,0
DA:140,0
DA:141,0
DA:142,0
DA:143,0
DA:144,0
DA:145,0
DA:146,0
DA:151,0
DA:154,0
DA:155,0
DA:156,0
DA:157,0
DA:158,0
DA:159,0
DA:161,0
DA:164,0
DA:167,0
DA:168,0
DA:169,0
DA:170,0
DA:171,0
DA:175,0
DA:178,0
DA:180,0
DA:181,0
DA:182,0
DA:185,4
DA:186,4
DA:187,4
DA:189,4
DA:190,3
DA:191,2
DA:192,1
DA:194,0
DA:195,0
DA:196,0
DA:197,0
DA:198,0
DA:201,4
DA:202,3
DA:203,2
DA:204,1
DA:205,0
DA:208,4
DA:209,3
DA:210,2
DA:211,1
DA:212,0
DA:215,0
DA:216,0
DA:217,0
DA:218,0
DA:219,0
DA:222,0
LF:108
LH:33
end_of_record
SF:lib/repositories/academic_repository.dart
DA:21,0
DA:30,0
DA:31,0
DA:32,0
DA:33,0
DA:35,0
DA:36,0
DA:44,0
DA:45,0
DA:46,0
DA:47,0
DA:48,0
DA:49,0
DA:50,0
DA:51,0
DA:60,0
DA:65,0
DA:66,0
DA:67,0
DA:68,0
DA:70,0
DA:71,0
DA:75,0
DA:78,0
DA:79,0
DA:82,0
DA:83,0
DA:85,0
DA:87,0
DA:88,0
DA:91,0
DA:92,0
DA:93,0
DA:98,0
DA:99,0
DA:100,0
DA:102,0
DA:104,0
DA:107,0
DA:108,0
DA:109,0
DA:111,0
DA:112,0
DA:113,0
DA:116,0
DA:119,0
DA:120,0
DA:121,0
DA:123,0
DA:124,0
DA:125,0
DA:128,0
DA:131,0
DA:132,0
DA:133,0
DA:135,0
DA:137,0
DA:147,0
DA:149,0
DA:150,0
DA:153,0
DA:154,0
DA:155,0
DA:157,0
DA:163,0
DA:164,0
DA:165,0
DA:179,1
DA:181,2
DA:185,2
DA:186,2
DA:191,2
DA:192,2
LF:73
LH:6
end_of_record
SF:lib/repositories/auth_repository.dart
DA:29,2
DA:30,2
DA:31,2
DA:32,1
DA:38,1
DA:39,3
DA:40,1
DA:42,1
DA:44,1
DA:53,2
DA:59,6
DA:90,1
DA:115,2
DA:120,4
DA:121,2
DA:122,2
DA:123,2
DA:124,6
DA:128,2
DA:132,6
DA:133,8
DA:134,8
DA:135,12
DA:136,8
DA:137,12
DA:145,1
DA:146,4
DA:147,4
DA:152,3
DA:153,2
DA:154,3
DA:155,3
DA:156,3
DA:157,3
DA:158,4
DA:159,1
DA:167,0
DA:169,0
DA:170,0
DA:176,0
DA:178,0
DA:180,0
DA:181,0
DA:186,0
DA:187,0
DA:188,0
DA:189,0
DA:191,0
DA:194,0
DA:195,0
DA:201,0
DA:202,0
DA:212,0
DA:213,0
DA:214,0
DA:219,0
DA:223,0
DA:224,0
DA:225,0
DA:226,0
DA:227,0
DA:229,0
DA:230,0
DA:233,0
DA:234,0
DA:235,0
DA:237,0
DA:238,0
DA:240,0
DA:242,0
DA:243,0
DA:246,0
DA:247,0
DA:249,0
DA:251,0
DA:252,0
DA:253,0
DA:254,0
DA:257,0
DA:259,0
DA:260,0
DA:264,0
DA:265,0
DA:268,0
DA:270,0
DA:277,0
DA:280,0
DA:282,0
DA:285,0
DA:290,0
DA:291,0
DA:292,0
DA:299,0
DA:301,0
DA:302,0
DA:303,0
DA:304,0
DA:305,0
DA:306,0
DA:311,0
DA:313,0
DA:314,0
DA:315,0
DA:316,0
DA:333,0
DA:336,0
DA:343,0
DA:344,0
DA:346,0
DA:348,0
DA:349,0
DA:350,0
DA:357,0
DA:359,0
DA:360,0
DA:361,0
DA:362,0
DA:363,0
DA:366,0
DA:367,0
DA:368,0
DA:369,0
DA:370,0
DA:371,0
DA:372,0
DA:373,0
DA:374,0
DA:375,0
DA:376,0
DA:377,0
DA:378,0
DA:379,0
DA:387,0
DA:395,0
DA:397,0
DA:398,0
DA:401,0
DA:403,0
DA:404,0
DA:407,0
DA:409,0
DA:414,0
DA:415,0
DA:416,0
DA:417,0
DA:418,0
DA:420,0
DA:422,0
DA:427,0
DA:431,0
DA:432,0
DA:433,0
DA:435,0
DA:436,0
DA:437,0
DA:440,0
DA:449,0
DA:450,0
DA:451,0
DA:452,0
DA:453,0
DA:454,0
DA:455,0
DA:458,0
DA:464,1
DA:465,1
DA:466,1
DA:475,2
DA:476,8
DA:477,4
DA:478,4
DA:479,4
DA:480,6
DA:486,6
DA:487,0
DA:488,0
LF:176
LH:46
end_of_record
SF:lib/repositories/assignment_repository.dart
DA:23,1
DA:25,0
DA:26,0
DA:38,0
DA:49,0
DA:54,0
DA:55,0
DA:56,0
DA:58,0
DA:60,0
DA:61,0
DA:62,0
DA:67,0
DA:68,0
DA:69,0
DA:70,0
DA:74,0
DA:75,0
DA:76,0
DA:77,0
DA:79,0
DA:80,0
DA:81,0
DA:82,0
DA:86,0
DA:89,0
DA:90,0
DA:91,0
DA:92,0
DA:97,0
DA:105,0
DA:106,0
DA:107,0
DA:108,0
DA:110,0
DA:111,0
DA:112,0
DA:113,0
DA:114,0
DA:115,0
DA:119,0
DA:122,0
DA:123,0
DA:124,0
DA:125,0
DA:131,0
DA:134,0
DA:135,0
DA:136,0
DA:137,0
DA:145,0
DA:146,0
DA:147,0
DA:148,0
DA:150,0
DA:151,0
DA:152,0
DA:153,0
DA:157,0
DA:161,0
DA:162,0
DA:163,0
DA:164,0
DA:166,0
DA:167,0
DA:168,0
DA:172,0
DA:180,0
DA:181,0
DA:182,0
DA:183,0
DA:187,0
DA:188,0
DA:189,0
DA:191,0
DA:192,0
DA:193,0
DA:194,0
DA:199,0
DA:202,0
DA:203,0
DA:204,0
DA:206,0
DA:207,0
DA:210,0
DA:214,0
DA:220,0
DA:221,0
DA:222,0
DA:225,0
DA:228,0
DA:229,0
DA:233,0
DA:237,0
DA:241,0
DA:242,0
DA:243,0
DA:244,0
DA:245,0
DA:246,0
DA:256,0
DA:257,0
DA:258,0
DA:259,0
DA:260,0
DA:263,0
DA:264,0
DA:265,0
DA:266,0
DA:268,0
DA:269,0
DA:270,0
DA:271,0
DA:275,0
DA:276,0
DA:280,0
DA:284,0
DA:285,0
DA:286,0
DA:287,0
DA:288,0
DA:296,0
DA:298,0
DA:299,0
DA:300,0
DA:304,0
DA:307,0
DA:308,0
DA:309,0
DA:311,0
DA:313,0
DA:315,0
DA:318,0
DA:319,0
DA:326,0
DA:327,0
LF:136
LH:1
end_of_record
SF:lib/theme/app_theme.dart
DA:17,0
DA:141,0
DA:219,0
DA:230,4
DA:234,8
DA:236,4
DA:239,4
DA:251,4
DA:254,4
DA:256,8
DA:275,4
DA:276,4
DA:283,4
DA:284,4
DA:291,4
DA:292,4
DA:297,4
DA:298,4
DA:300,4
DA:308,4
DA:309,4
DA:316,4
DA:317,4
DA:323,4
DA:329,4
DA:334,4
DA:335,4
DA:338,4
DA:339,4
DA:342,4
DA:343,4
DA:346,4
DA:347,4
DA:350,4
DA:351,4
DA:357,4
DA:361,4
DA:362,4
DA:375,4
DA:378,4
DA:379,4
DA:381,4
DA:395,4
DA:399,4
DA:400,4
DA:405,4
DA:406,4
DA:407,2
DA:410,8
LF:49
LH:46
end_of_record
SF:lib/widgets/common.dart
DA:16,4
DA:24,4
DA:26,4
DA:38,4
DA:40,4
DA:42,4
DA:44,4
DA:45,4
DA:46,4
DA:47,4
DA:48,4
DA:50,4
DA:51,4
DA:52,4
DA:61,8
DA:63,4
DA:64,4
DA:67,4
DA:68,4
DA:78,5
DA:80,1
DA:84,6
DA:99,1
DA:106,1
DA:108,1
DA:109,1
DA:110,1
DA:112,1
DA:113,1
DA:120,1
DA:121,1
DA:124,1
DA:125,1
DA:128,1
DA:129,1
DA:146,1
DA:157,1
DA:158,2
DA:159,1
DA:160,1
DA:161,1
DA:162,1
DA:163,1
DA:164,0
DA:165,0
DA:166,0
DA:167,1
DA:168,0
DA:169,0
DA:170,0
DA:171,0
DA:172,0
DA:173,0
DA:174,0
DA:175,0
DA:176,0
DA:177,0
DA:178,0
DA:179,0
DA:181,0
DA:185,1
DA:187,1
DA:188,1
DA:190,1
DA:191,1
DA:192,1
DA:194,1
DA:195,1
DA:198,1
DA:199,1
DA:220,5
DA:227,4
DA:229,4
DA:232,4
DA:233,4
DA:234,4
DA:236,12
DA:251,2
DA:258,1
DA:260,1
DA:261,1
DA:262,1
DA:263,1
DA:264,1
DA:267,1
DA:269,1
DA:275,1
DA:276,1
DA:277,1
DA:283,1
DA:299,1
DA:309,1
DA:311,1
DA:313,1
DA:316,1
DA:317,1
DA:320,1
DA:321,2
DA:322,1
DA:324,3
DA:330,1
DA:333,1
DA:334,1
DA:344,1
DA:345,1
DA:350,1
DA:352,0
DA:353,0
DA:363,1
DA:364,0
DA:365,0
DA:366,0
DA:382,2
DA:390,2
DA:392,4
DA:394,2
DA:395,2
DA:398,2
DA:401,2
DA:402,2
DA:403,2
DA:409,2
DA:411,2
DA:412,2
DA:413,2
DA:414,2
DA:416,2
DA:419,2
DA:420,2
DA:421,0
DA:429,2
DA:430,4
DA:431,6
DA:433,2
DA:434,2
DA:435,2
DA:438,2
DA:457,4
DA:465,1
DA:467,1
DA:468,1
DA:470,1
DA:472,1
DA:473,1
DA:476,1
DA:478,1
DA:480,2
DA:483,2
DA:484,2
DA:486,2
DA:488,1
DA:490,0
DA:504,1
DA:510,1
DA:512,1
DA:514,1
DA:515,1
DA:516,1
DA:517,2
DA:519,1
DA:521,1
DA:524,1
DA:525,1
DA:526,1
DA:535,2
DA:537,1
DA:538,1
DA:539,1
DA:557,1
DA:559,2
DA:561,2
DA:562,2
DA:564,2
DA:570,4
DA:572,4
DA:591,3
DA:599,3
DA:603,3
DA:604,6
DA:606,6
DA:607,3
DA:608,3
DA:609,3
DA:610,3
DA:614,3
DA:615,6
DA:617,3
DA:620,6
DA:625,3
DA:627,0
DA:628,0
DA:630,0
DA:631,0
DA:635,0
DA:636,0
DA:638,0
DA:639,0
DA:640,0
DA:641,0
DA:642,0
DA:672,2
DA:681,2
DA:683,5
DA:685,4
DA:686,2
DA:687,2
DA:688,4
DA:690,8
DA:693,4
DA:694,2
DA:696,0
DA:698,0
DA:700,0
DA:701,0
DA:705,0
DA:706,0
DA:708,0
DA:709,0
DA:710,0
DA:711,0
LF:220
LH:176
end_of_record
SF:lib/widgets/feedback.dart
DA:25,1
DA:37,2
DA:38,1
DA:39,0
DA:40,0
DA:43,2
DA:44,1
DA:45,0
DA:46,0
DA:49,1
DA:51,1
DA:52,1
DA:55,1
DA:56,1
DA:57,1
DA:58,1
DA:61,2
DA:62,1
DA:65,1
DA:67,2
DA:68,3
DA:70,1
DA:71,1
DA:74,2
DA:75,1
DA:76,3
DA:78,4
DA:83,2
DA:84,1
DA:85,1
DA:87,1
DA:89,4
DA:91,2
DA:93,2
DA:94,2
DA:95,1
DA:96,1
DA:97,1
DA:98,1
DA:101,2
DA:104,1
DA:106,0
DA:107,0
DA:108,0
DA:121,0
DA:128,0
DA:136,0
DA:137,0
DA:139,0
DA:145,0
DA:157,1
DA:159,1
DA:161,1
DA:162,1
DA:163,1
DA:164,1
DA:166,1
DA:167,1
DA:168,1
DA:169,1
DA:171,1
DA:174,1
DA:175,1
DA:176,1
DA:177,2
DA:179,1
DA:181,1
DA:182,1
DA:186,1
DA:187,1
DA:188,1
DA:189,1
DA:193,1
LF:73
LH:60
end_of_record
SF:lib/widgets/motion.dart
DA:18,1
DA:26,1
DA:28,4
DA:29,1
DA:30,1
DA:31,2
DA:32,1
DA:33,5
DA:37,2
DA:39,4
DA:41,1
DA:55,1
DA:65,1
DA:67,1
DA:68,1
DA:69,1
DA:70,1
DA:71,1
DA:72,3
DA:73,4
DA:85,3
DA:92,1
DA:93,1
DA:97,2
DA:100,1
DA:102,1
DA:104,2
DA:105,1
DA:108,1
DA:110,1
DA:111,1
DA:112,2
DA:113,2
DA:114,2
DA:115,1
DA:116,2
DA:117,3
DA:129,3
DA:131,1
DA:133,1
DA:136,1
DA:137,1
DA:138,2
DA:140,1
DA:141,1
DA:143,1
DA:145,1
DA:146,1
DA:177,1
DA:179,1
DA:181,1
DA:182,1
DA:184,1
DA:185,1
DA:186,2
DA:189,1
DA:191,1
DA:194,2
DA:195,2
LF:59
LH:59
end_of_record
SF:lib/utils/avatar.dart
DA:18,0
DA:19,0
DA:25,4
DA:26,2
DA:27,0
DA:28,0
DA:30,0
DA:40,1
DA:41,3
DA:42,1
DA:49,4
DA:50,28
DA:51,4
DA:52,8
DA:53,24
LF:15
LH:10
end_of_record
SF:lib/repositories/messaging_repository.dart
DA:46,1
DA:60,3
DA:61,4
DA:64,1
DA:65,2
DA:66,4
DA:67,3
DA:68,0
DA:70,5
DA:73,1
DA:74,1
DA:75,1
DA:76,2
DA:77,1
DA:78,1
DA:79,1
DA:80,1
DA:81,1
DA:82,2
DA:83,1
DA:84,1
DA:85,2
DA:103,1
DA:114,1
DA:115,2
DA:116,1
DA:117,6
DA:120,0
DA:121,0
DA:122,0
DA:123,0
DA:124,0
DA:125,0
DA:126,0
DA:127,0
DA:128,0
DA:142,0
DA:151,0
DA:152,0
DA:153,0
DA:154,0
DA:155,0
DA:156,0
DA:157,0
DA:158,0
DA:186,0
DA:202,0
DA:204,0
DA:205,0
DA:206,0
DA:207,0
DA:208,0
DA:209,0
DA:210,0
DA:211,0
DA:212,0
DA:213,0
DA:214,0
DA:215,0
DA:216,0
DA:217,0
DA:218,0
DA:219,0
DA:233,0
DA:234,0
DA:235,0
DA:250,0
DA:261,0
DA:269,0
DA:272,0
DA:273,0
DA:274,0
DA:275,0
DA:276,0
DA:277,0
DA:280,0
DA:287,0
DA:288,0
DA:293,0
DA:294,0
DA:295,0
DA:297,0
DA:301,0
DA:302,0
DA:303,0
DA:304,0
DA:310,0
DA:311,0
DA:312,0
DA:313,0
DA:314,0
DA:318,0
DA:319,0
DA:320,0
DA:321,0
DA:322,0
DA:323,0
DA:324,0
DA:328,0
DA:329,0
DA:331,0
DA:333,0
DA:334,0
DA:335,0
DA:337,0
DA:342,0
DA:343,0
DA:344,0
DA:352,0
DA:358,0
DA:359,0
DA:360,0
DA:361,0
DA:362,0
DA:363,0
DA:365,0
DA:366,0
DA:367,0
DA:369,0
DA:373,0
DA:378,0
DA:395,0
DA:401,0
DA:402,0
DA:403,0
DA:404,0
DA:405,0
DA:411,0
DA:412,0
DA:413,0
DA:414,0
DA:415,0
DA:419,0
DA:420,0
DA:423,0
DA:424,0
DA:429,0
DA:431,0
DA:432,0
DA:435,0
DA:436,0
DA:437,0
DA:439,0
DA:449,0
DA:451,0
DA:452,0
DA:457,0
DA:458,0
DA:459,0
DA:466,0
DA:467,0
DA:468,0
DA:469,0
DA:470,0
DA:474,0
DA:475,0
DA:476,0
DA:477,0
DA:479,0
DA:482,0
DA:483,0
DA:484,0
DA:486,0
DA:488,0
DA:489,0
DA:490,0
DA:491,0
DA:494,0
DA:495,0
DA:497,0
DA:510,0
DA:511,0
DA:512,0
DA:513,0
DA:529,2
DA:540,0
DA:541,0
DA:542,0
DA:546,12
DA:547,0
LF:180
LH:28
end_of_record
SF:lib/services/notification_service.dart
DA:21,0
DA:23,0
DA:35,0
DA:46,0
DA:51,0
DA:56,0
DA:57,0
DA:60,0
DA:62,0
DA:65,0
DA:67,0
DA:71,0
DA:77,0
DA:82,0
DA:86,0
DA:87,0
DA:96,0
DA:104,0
DA:107,0
DA:114,0
DA:124,1
DA:130,1
DA:131,3
DA:132,4
DA:141,12
DA:142,0
DA:143,0
DA:144,0
DA:149,0
DA:150,0
DA:156,0
DA:164,0
DA:165,0
DA:166,0
DA:167,0
DA:171,0
DA:172,0
DA:174,0
DA:177,0
DA:178,0
DA:179,0
DA:180,0
DA:183,0
DA:186,0
DA:191,12
DA:192,0
LF:46
LH:6
end_of_record
SF:lib/models/team_member.dart
DA:39,2
DA:59,1
DA:60,1
DA:61,1
DA:62,1
DA:63,2
DA:64,2
DA:65,2
DA:66,2
DA:67,2
DA:68,2
DA:69,2
DA:70,2
DA:71,2
DA:72,2
DA:73,2
DA:77,2
DA:79,3
DA:95,2
DA:96,4
DA:97,2
DA:99,2
DA:101,2
DA:103,2
DA:105,2
DA:107,2
DA:121,1
DA:127,2
DA:129,2
DA:131,2
DA:133,1
DA:135,1
DA:137,1
DA:139,1
DA:141,1
DA:152,2
DA:153,8
DA:154,4
DA:157,4
DA:160,4
DA:161,4
DA:169,2
DA:170,2
DA:171,5
LF:44
LH:44
end_of_record
SF:lib/repositories/grading_repository.dart
DA:17,0
DA:19,0
DA:22,0
DA:23,0
DA:24,0
DA:26,0
DA:27,0
DA:28,0
DA:33,0
DA:34,0
DA:35,0
DA:38,0
DA:47,0
DA:51,0
DA:58,0
DA:59,0
DA:67,0
DA:78,0
DA:96,0
DA:104,0
DA:105,0
DA:106,0
DA:107,0
DA:108,0
DA:109,0
DA:110,0
DA:111,0
DA:112,0
DA:113,0
DA:114,0
DA:115,0
DA:116,0
DA:117,0
DA:120,0
DA:121,0
DA:122,0
DA:123,0
DA:124,0
DA:125,0
DA:126,0
DA:127,0
DA:128,0
DA:129,0
DA:136,0
DA:138,0
DA:139,0
DA:140,0
DA:141,0
DA:142,0
DA:147,0
DA:148,0
DA:149,0
DA:150,0
DA:159,0
DA:160,0
DA:161,0
DA:164,4
DA:165,2
DA:168,4
DA:169,2
LF:60
LH:4
end_of_record
SF:lib/repositories/personal_repository.dart
DA:28,0
DA:30,0
DA:31,0
DA:37,0
DA:38,0
DA:39,0
DA:40,0
DA:43,0
DA:45,0
DA:46,0
DA:48,0
DA:49,0
DA:50,0
DA:51,0
DA:54,0
DA:59,0
DA:60,0
DA:62,0
DA:63,0
DA:64,0
DA:66,0
DA:67,0
DA:68,0
DA:70,0
DA:73,0
DA:74,0
DA:75,0
DA:78,0
DA:80,0
DA:83,0
DA:84,0
DA:88,0
DA:89,0
DA:91,0
DA:92,0
DA:93,0
DA:95,0
DA:96,0
DA:97,0
DA:99,0
DA:102,0
DA:103,0
DA:104,0
DA:107,0
DA:108,0
DA:112,0
DA:113,0
DA:115,0
DA:116,0
DA:117,0
DA:119,0
DA:120,0
DA:121,0
DA:123,0
DA:126,0
DA:127,0
DA:131,0
DA:132,0
DA:134,0
DA:135,0
DA:136,0
DA:138,0
DA:139,0
DA:140,0
DA:142,0
DA:145,0
DA:146,0
DA:153,1
DA:154,4
DA:155,1
DA:159,3
DA:160,3
DA:162,5
DA:163,3
DA:164,3
DA:165,3
DA:172,1
DA:173,1
DA:175,5
DA:176,1
DA:177,4
DA:178,1
DA:180,3
DA:181,2
DA:183,2
DA:185,2
DA:190,1
DA:191,3
DA:192,2
DA:193,1
DA:199,2
DA:200,2
DA:201,2
DA:207,1
DA:208,2
DA:209,2
DA:210,3
DA:211,2
DA:212,0
DA:213,8
DA:214,2
DA:215,1
DA:216,1
DA:217,2
DA:218,4
DA:219,4
DA:222,1
DA:223,2
DA:227,2
DA:228,2
DA:230,1
DA:232,2
DA:233,3
DA:234,3
DA:238,0
DA:239,0
DA:242,0
DA:244,12
DA:245,0
DA:246,0
DA:247,0
DA:250,12
DA:251,0
DA:252,0
DA:253,0
DA:256,12
DA:257,0
DA:258,0
DA:259,0
DA:262,12
DA:263,0
DA:264,0
DA:265,0
LF:133
LH:50
end_of_record
SF:lib/repositories/reference_repository.dart
DA:33,0
DA:42,0
DA:43,0
DA:44,0
DA:45,0
DA:46,0
DA:47,0
DA:48,0
DA:58,0
DA:65,0
DA:66,0
DA:67,0
DA:68,0
DA:69,0
DA:87,0
DA:97,0
DA:98,0
DA:99,0
DA:100,0
DA:101,0
DA:102,0
DA:103,0
DA:104,0
DA:117,0
DA:127,0
DA:128,0
DA:129,0
DA:130,0
DA:131,0
DA:132,0
DA:133,0
DA:134,0
DA:138,0
DA:145,1
DA:146,1
DA:148,1
DA:149,3
DA:150,2
DA:151,2
DA:152,1
DA:159,0
DA:161,0
DA:166,0
DA:167,0
DA:169,0
DA:171,0
DA:174,0
DA:175,0
DA:176,0
DA:179,0
DA:180,0
DA:183,0
DA:185,0
DA:188,0
DA:189,0
DA:192,0
DA:193,0
DA:194,0
DA:195,0
DA:198,0
DA:203,0
DA:204,0
DA:205,0
DA:208,0
DA:209,0
DA:212,0
DA:213,0
DA:216,12
DA:217,0
DA:220,12
DA:221,0
DA:222,0
DA:226,12
DA:227,0
DA:228,0
DA:229,0
DA:230,0
DA:231,0
DA:241,12
DA:242,0
DA:243,0
DA:244,0
DA:245,0
DA:246,0
DA:247,0
DA:248,0
DA:249,0
DA:250,0
DA:255,1
DA:256,5
DA:257,1
DA:258,1
DA:259,2
DA:260,9
LF:94
LH:17
end_of_record
SF:lib/repositories/team_repository.dart
DA:26,0
DA:33,0
DA:34,0
DA:35,0
DA:37,0
DA:39,0
DA:43,0
DA:44,0
DA:51,12
DA:52,0
LF:10
LH:1
end_of_record
SF:lib/screens/assignment_detail.dart
DA:23,0
DA:29,0
DA:30,0
DA:52,0
DA:54,0
DA:56,0
DA:58,0
DA:59,0
DA:60,0
DA:61,0
DA:62,0
DA:69,0
DA:71,0
DA:72,0
DA:73,0
DA:75,0
DA:76,0
DA:77,0
DA:80,0
DA:81,0
DA:86,0
DA:88,0
DA:89,0
DA:91,0
DA:92,0
DA:95,0
DA:97,0
DA:99,0
DA:102,0
DA:104,0
DA:106,0
DA:107,0
DA:108,0
DA:109,0
DA:110,0
DA:111,0
DA:112,0
DA:114,0
DA:115,0
DA:117,0
DA:118,0
DA:119,0
DA:121,0
DA:123,0
DA:125,0
DA:127,0
DA:128,0
DA:129,0
DA:131,0
DA:133,0
DA:134,0
DA:135,0
DA:146,0
DA:147,0
DA:148,0
DA:149,0
DA:150,0
DA:152,0
DA:155,0
DA:158,0
DA:159,0
DA:160,0
DA:161,0
DA:162,0
DA:163,0
DA:164,0
DA:167,0
DA:171,0
DA:172,0
DA:175,0
DA:182,0
DA:183,0
DA:184,0
DA:185,0
DA:189,0
DA:193,0
DA:194,0
DA:195,0
DA:197,0
DA:203,0
DA:205,0
DA:206,0
DA:209,0
DA:210,0
DA:211,0
DA:225,0
DA:226,0
DA:227,0
DA:229,0
DA:232,0
DA:233,0
DA:246,0
DA:247,0
DA:249,0
DA:250,0
DA:252,0
DA:255,0
DA:256,0
DA:257,0
DA:260,0
DA:261,0
DA:262,0
DA:267,0
DA:268,0
DA:269,0
DA:278,0
DA:280,0
DA:281,0
DA:284,0
DA:298,0
DA:299,0
DA:301,0
DA:310,0
DA:312,0
DA:313,0
DA:314,0
DA:315,0
DA:318,0
DA:319,0
DA:320,0
DA:321,0
DA:322,0
DA:330,0
DA:331,0
DA:338,0
DA:340,0
DA:341,0
DA:351,0
DA:355,0
DA:356,0
DA:358,0
DA:359,0
DA:361,0
DA:362,0
DA:366,0
DA:367,0
DA:368,0
DA:370,0
DA:371,0
DA:372,0
DA:376,0
DA:377,0
DA:378,0
DA:383,0
DA:384,0
DA:390,0
DA:391,0
DA:392,0
DA:393,0
DA:395,0
DA:397,0
DA:399,0
DA:400,0
DA:401,0
DA:403,0
DA:405,0
DA:406,0
DA:408,0
DA:409,0
DA:410,0
DA:411,0
DA:423,0
DA:424,0
DA:426,0
DA:427,0
DA:428,0
DA:429,0
DA:430,0
DA:431,0
DA:434,0
DA:435,0
DA:441,0
DA:442,0
DA:444,0
DA:445,0
DA:446,0
DA:447,0
DA:448,0
DA:449,0
DA:450,0
DA:453,0
DA:454,0
DA:455,0
DA:456,0
DA:459,0
DA:460,0
DA:471,0
DA:472,0
DA:475,0
DA:479,0
DA:485,0
DA:486,0
DA:492,0
DA:493,0
DA:494,0
DA:496,0
DA:499,0
DA:500,0
DA:501,0
DA:505,0
DA:506,0
DA:507,0
DA:523,0
DA:524,0
DA:525,0
DA:526,0
DA:529,0
DA:530,0
DA:531,0
DA:537,0
DA:538,0
DA:547,0
DA:549,0
DA:550,0
DA:553,0
DA:562,0
DA:563,0
DA:564,0
DA:565,0
DA:566,0
DA:567,0
DA:572,0
DA:573,0
DA:574,0
DA:586,0
DA:587,0
DA:588,0
DA:590,0
DA:591,0
DA:595,0
DA:596,0
DA:597,0
DA:599,0
DA:600,0
DA:602,0
DA:603,0
DA:604,0
DA:605,0
DA:611,0
DA:617,0
DA:618,0
DA:627,0
DA:629,0
DA:632,0
DA:634,0
DA:636,0
DA:637,0
DA:647,0
DA:648,0
DA:649,0
DA:658,0
DA:659,0
DA:660,0
DA:664,0
DA:665,0
DA:666,0
DA:669,0
DA:672,0
DA:673,0
DA:674,0
DA:678,0
DA:679,0
DA:680,0
DA:685,0
DA:686,0
DA:693,0
DA:694,0
DA:695,0
DA:699,0
DA:702,0
DA:706,0
DA:708,0
DA:709,0
DA:710,0
DA:711,0
DA:717,0
DA:719,0
DA:721,0
DA:722,0
DA:723,0
DA:724,0
DA:725,0
DA:728,0
DA:731,0
DA:734,0
DA:736,0
DA:737,0
DA:738,0
DA:739,0
DA:742,0
DA:743,0
DA:744,0
DA:745,0
DA:746,0
DA:751,0
DA:752,0
DA:754,0
DA:756,0
DA:760,0
DA:761,0
DA:762,0
DA:763,0
DA:764,0
DA:765,0
DA:766,0
DA:767,0
DA:768,0
DA:771,0
DA:772,0
DA:784,0
DA:785,0
DA:786,0
DA:787,0
DA:788,0
DA:789,0
DA:791,0
DA:794,0
DA:797,0
DA:799,0
DA:800,0
DA:804,0
DA:805,0
DA:806,0
DA:808,0
DA:809,0
DA:812,0
DA:813,0
DA:826,0
DA:833,0
DA:837,0
DA:839,0
DA:842,0
DA:843,0
DA:844,0
DA:845,0
DA:848,0
DA:850,0
DA:852,0
DA:853,0
DA:854,0
DA:855,0
DA:856,0
DA:858,0
DA:859,0
DA:860,0
DA:862,0
DA:863,0
DA:864,0
DA:865,0
DA:867,0
DA:870,0
DA:871,0
DA:872,0
DA:873,0
DA:876,0
DA:880,0
DA:900,0
DA:907,0
DA:909,0
DA:911,0
DA:912,0
DA:913,0
DA:914,0
DA:916,0
DA:917,0
DA:918,0
DA:932,0
DA:933,0
DA:936,0
LF:369
LH:0
end_of_record
SF:lib/screens/assignments.dart
DA:21,1
DA:26,0
DA:29,4
DA:34,1
DA:35,3
DA:37,0
DA:39,3
DA:42,12
DA:43,0
DA:48,0
DA:49,0
DA:50,0
DA:51,0
DA:53,0
DA:55,0
DA:57,0
DA:62,0
DA:64,1
DA:66,2
DA:68,1
DA:69,1
DA:70,1
DA:75,1
DA:76,1
DA:77,1
DA:78,1
DA:86,0
DA:87,0
DA:88,0
DA:90,0
DA:91,0
DA:92,0
DA:94,0
DA:97,0
DA:98,0
DA:101,0
DA:105,0
DA:107,0
DA:108,0
DA:110,0
DA:113,0
DA:114,0
DA:117,0
DA:121,0
DA:123,0
DA:124,0
DA:126,0
DA:129,0
DA:130,0
DA:132,0
DA:133,0
DA:142,1
DA:143,0
DA:145,0
DA:146,0
DA:147,0
DA:157,0
DA:158,0
DA:159,0
DA:160,0
DA:162,0
DA:168,0
DA:179,0
DA:185,0
DA:187,0
DA:189,0
DA:190,0
DA:191,0
DA:194,0
DA:197,0
DA:198,0
DA:199,0
DA:202,0
DA:206,0
DA:211,0
DA:212,0
DA:227,0
DA:233,0
DA:235,0
DA:237,0
DA:239,0
DA:240,0
DA:241,0
DA:242,0
DA:244,0
DA:246,0
DA:247,0
DA:249,0
DA:250,0
DA:253,0
DA:254,0
DA:255,0
DA:257,0
DA:260,0
DA:261,0
DA:263,0
DA:264,0
DA:265,0
DA:271,0
DA:272,0
DA:273,0
DA:274,0
DA:283,0
DA:287,0
DA:288,0
DA:289,0
DA:291,0
DA:292,0
DA:293,0
DA:296,0
DA:299,0
DA:316,0
DA:317,0
DA:318,0
DA:319,0
DA:320,0
DA:321,0
DA:325,0
DA:326,0
DA:327,0
DA:331,0
DA:332,0
DA:334,0
DA:338,0
DA:339,0
DA:340,0
DA:345,0
DA:346,0
DA:347,0
DA:348,0
DA:351,0
DA:352,0
DA:353,0
DA:356,0
DA:362,0
DA:363,0
DA:364,0
DA:365,0
DA:367,0
DA:368,0
DA:370,0
DA:371,0
DA:372,0
DA:374,0
DA:375,0
DA:376,0
DA:381,0
DA:382,0
LF:148
LH:16
end_of_record
SF:lib/screens/grades.dart
DA:12,12
DA:13,0
DA:14,0
DA:15,0
DA:19,0
DA:21,1
DA:26,3
DA:29,2
DA:30,2
DA:31,0
DA:33,0
DA:34,0
DA:35,0
DA:37,0
DA:38,0
DA:39,0
DA:40,0
DA:47,0
DA:49,0
DA:50,0
DA:51,0
DA:52,0
DA:53,0
DA:54,0
DA:56,0
DA:57,0
DA:58,0
DA:59,0
DA:62,0
DA:63,0
DA:67,0
DA:68,0
DA:69,0
DA:77,0
DA:78,0
DA:80,0
DA:81,0
DA:83,0
DA:88,0
DA:89,0
DA:98,0
DA:99,0
DA:101,0
DA:102,0
DA:103,0
LF:45
LH:5
end_of_record
SF:lib/screens/personal_space.dart
DA:25,0
DA:27,1
DA:29,2
DA:30,1
DA:31,1
DA:34,0
DA:36,1
DA:37,1
DA:39,1
DA:40,1
DA:41,1
DA:42,0
DA:44,0
DA:45,0
DA:46,0
DA:49,2
DA:55,1
DA:57,1
DA:58,1
DA:59,1
DA:60,1
DA:62,0
DA:63,0
DA:74,0
DA:75,0
DA:79,0
DA:81,0
DA:82,0
DA:83,0
DA:86,0
DA:88,0
DA:90,0
DA:91,0
DA:92,0
DA:96,0
DA:100,0
DA:101,0
DA:102,0
DA:107,0
DA:108,0
DA:109,0
DA:111,0
DA:112,0
DA:113,0
DA:115,0
DA:116,0
DA:117,0
DA:128,1
DA:130,1
DA:132,3
DA:133,1
DA:134,1
DA:135,1
DA:136,1
DA:137,1
DA:138,1
DA:139,1
DA:142,2
DA:145,1
DA:146,1
DA:148,1
DA:149,3
DA:151,1
DA:152,1
DA:153,6
DA:154,6
DA:155,6
DA:156,1
DA:164,1
DA:166,1
DA:178,0
DA:180,0
DA:181,0
DA:195,0
DA:197,0
DA:198,0
DA:199,0
DA:200,0
DA:201,0
DA:204,0
DA:205,0
DA:206,0
DA:209,0
DA:210,0
DA:211,0
DA:212,0
DA:213,0
DA:214,0
DA:218,0
DA:220,0
DA:221,0
DA:222,0
DA:223,0
DA:224,0
DA:225,0
DA:227,0
DA:228,0
DA:229,0
DA:231,0
DA:232,0
DA:233,0
DA:241,0
DA:243,0
DA:246,0
DA:247,0
DA:248,0
DA:249,0
DA:250,0
DA:254,0
DA:255,0
DA:257,0
DA:273,0
DA:275,1
DA:277,2
DA:278,3
DA:279,1
DA:280,1
DA:283,0
DA:285,1
DA:286,1
DA:288,1
DA:289,1
DA:290,1
DA:291,0
DA:293,0
DA:294,0
DA:295,0
DA:298,1
DA:299,1
DA:306,1
DA:307,1
DA:309,1
DA:310,1
DA:311,1
DA:312,1
DA:314,6
DA:315,0
DA:316,0
DA:328,0
DA:329,0
DA:333,0
DA:335,0
DA:336,0
DA:338,0
DA:339,0
DA:340,0
DA:341,0
DA:342,0
DA:345,0
DA:346,0
DA:347,0
DA:352,0
DA:353,0
DA:355,0
DA:356,0
DA:358,0
DA:359,0
DA:360,0
DA:365,0
DA:366,0
DA:367,0
DA:369,0
DA:370,0
DA:372,0
DA:373,0
DA:374,0
DA:382,2
DA:383,3
DA:384,2
DA:385,4
DA:386,8
DA:387,4
DA:388,2
DA:391,0
DA:392,1
DA:403,1
DA:405,1
DA:407,3
DA:408,4
DA:409,2
DA:410,2
DA:412,1
DA:413,1
DA:414,1
DA:417,1
DA:420,1
DA:421,1
DA:422,1
DA:423,1
DA:425,0
DA:430,1
DA:431,1
DA:433,1
DA:434,1
DA:435,2
DA:438,1
DA:441,1
DA:442,1
DA:443,3
DA:444,1
DA:445,1
DA:448,1
DA:453,2
DA:454,1
DA:456,1
DA:468,0
DA:470,0
DA:471,0
DA:482,0
DA:484,0
DA:485,0
DA:486,0
DA:489,0
DA:490,0
DA:491,0
DA:492,0
DA:493,0
DA:494,0
DA:495,0
DA:497,0
DA:500,0
DA:501,0
DA:502,0
DA:505,0
DA:506,0
DA:507,0
DA:508,0
DA:509,0
DA:510,0
DA:515,0
DA:517,0
DA:519,0
DA:520,0
DA:521,0
DA:522,0
DA:524,0
DA:525,0
DA:526,0
DA:529,0
DA:530,0
DA:531,0
DA:533,0
DA:537,0
DA:538,0
DA:539,0
DA:540,0
DA:541,0
DA:543,0
DA:548,0
DA:549,0
DA:550,0
DA:558,0
DA:563,0
DA:564,0
DA:565,0
DA:579,0
DA:581,1
DA:583,2
DA:584,3
DA:585,1
DA:586,1
DA:589,0
DA:591,1
DA:592,1
DA:594,1
DA:595,1
DA:596,1
DA:597,0
DA:599,0
DA:600,0
DA:601,0
DA:604,1
DA:605,1
DA:612,1
DA:613,2
DA:614,1
DA:616,1
DA:617,1
DA:618,1
DA:619,1
DA:620,1
DA:622,1
DA:624,1
DA:626,1
DA:627,2
DA:629,1
DA:630,1
DA:632,1
DA:634,6
DA:635,0
DA:652,0
DA:653,0
DA:657,0
DA:659,0
DA:660,0
DA:662,0
DA:663,0
DA:664,0
DA:665,0
DA:669,0
DA:673,0
DA:674,0
DA:675,0
DA:680,0
DA:681,0
DA:682,0
DA:684,0
DA:685,0
DA:687,0
DA:688,0
DA:689,0
DA:697,2
DA:698,6
DA:699,6
DA:700,6
DA:701,4
DA:702,3
DA:704,2
DA:705,4
DA:706,8
DA:707,8
DA:712,2
DA:713,1
DA:714,1
DA:715,1
DA:716,0
DA:717,0
DA:718,0
DA:719,0
DA:728,1
DA:730,1
DA:732,3
DA:733,1
DA:734,1
DA:735,1
DA:736,1
DA:738,3
DA:739,1
DA:740,5
DA:742,1
DA:746,1
DA:747,1
DA:749,1
DA:750,3
DA:751,6
DA:752,1
DA:753,12
DA:761,1
DA:763,1
DA:774,0
DA:776,0
DA:777,0
DA:788,0
DA:790,0
DA:791,0
DA:794,0
DA:796,0
DA:797,0
DA:799,0
DA:802,0
DA:803,0
DA:804,0
DA:807,0
DA:808,0
DA:809,0
DA:810,0
DA:811,0
DA:812,0
DA:817,0
DA:819,0
DA:821,0
DA:822,0
DA:823,0
DA:824,0
DA:825,0
DA:826,0
DA:829,0
DA:830,0
DA:831,0
DA:833,0
DA:837,0
DA:838,0
DA:840,0
DA:841,0
DA:843,0
DA:844,0
DA:845,0
DA:846,0
DA:847,0
DA:848,0
DA:850,0
DA:854,0
DA:855,0
DA:856,0
DA:858,0
DA:863,0
DA:864,0
DA:875,1
DA:877,1
DA:879,2
DA:880,3
DA:881,1
DA:882,1
DA:885,0
DA:887,1
DA:888,1
DA:890,1
DA:891,1
DA:892,1
DA:893,0
DA:895,0
DA:896,0
DA:897,0
DA:900,1
DA:901,1
DA:908,1
DA:909,1
DA:911,2
DA:912,1
DA:913,1
DA:914,1
DA:916,2
DA:918,1
DA:921,2
DA:922,6
DA:923,2
DA:924,1
DA:925,1
DA:926,1
DA:927,1
DA:930,1
DA:931,1
DA:935,1
DA:936,5
DA:937,1
DA:944,1
DA:945,1
DA:947,1
DA:948,4
DA:950,1
DA:951,7
DA:959,4
DA:960,1
DA:962,0
DA:978,0
DA:979,0
DA:983,0
DA:985,0
DA:986,0
DA:988,0
DA:989,0
DA:990,0
DA:991,0
DA:992,0
DA:995,0
DA:996,0
DA:997,0
DA:1002,0
DA:1003,0
DA:1004,0
DA:1006,0
DA:1007,0
DA:1009,0
DA:1010,0
DA:1011,0
DA:1018,2
DA:1020,4
DA:1021,4
DA:1022,6
DA:1023,6
DA:1024,2
DA:1026,4
DA:1031,0
DA:1033,0
DA:1034,0
DA:1045,0
DA:1047,0
DA:1048,0
DA:1049,0
DA:1050,0
DA:1051,0
DA:1054,0
DA:1055,0
DA:1056,0
DA:1057,0
DA:1058,0
DA:1059,0
DA:1062,0
DA:1063,0
DA:1064,0
DA:1071,0
DA:1073,0
DA:1075,0
DA:1076,0
DA:1077,0
DA:1078,0
DA:1080,0
DA:1081,0
DA:1082,0
DA:1085,0
DA:1086,0
DA:1087,0
DA:1089,0
DA:1093,0
DA:1094,0
DA:1095,0
DA:1096,0
DA:1097,0
DA:1101,0
DA:1102,0
DA:1103,0
DA:1107,0
DA:1108,0
DA:1109,0
DA:1131,0
DA:1133,0
DA:1135,0
DA:1136,0
DA:1137,0
DA:1139,0
DA:1142,0
DA:1143,0
DA:1145,0
DA:1146,0
DA:1149,0
DA:1150,0
DA:1151,0
DA:1159,0
DA:1160,0
DA:1162,0
DA:1164,0
DA:1165,0
DA:1166,0
DA:1167,0
DA:1168,0
DA:1169,0
DA:1179,2
DA:1181,4
DA:1182,6
DA:1183,8
DA:1184,2
DA:1188,2
DA:1189,1
DA:1190,8
DA:1191,8
DA:1192,4
DA:1193,2
DA:1194,2
DA:1195,4
DA:1196,4
DA:1197,4
DA:1198,7
DA:1202,3
LF:553
LH:221
end_of_record
SF:lib/screens/grading.dart
DA:20,1
DA:22,1
DA:23,1
DA:30,1
DA:32,3
DA:33,3
DA:34,3
DA:35,1
DA:36,1
DA:37,1
DA:39,1
DA:40,1
DA:41,1
DA:42,0
DA:44,0
DA:45,0
DA:47,1
DA:50,1
DA:51,0
DA:53,1
DA:60,7
DA:61,1
DA:62,1
DA:63,1
DA:65,1
DA:66,1
DA:70,1
DA:71,1
DA:72,1
DA:73,1
DA:74,4
DA:76,0
DA:77,0
DA:78,0
DA:82,1
DA:83,1
DA:85,1
DA:86,0
DA:103,1
DA:105,1
DA:107,5
DA:108,1
DA:109,0
DA:110,2
DA:112,1
DA:113,1
DA:114,0
DA:116,0
DA:117,0
DA:123,0
DA:124,0
DA:125,0
DA:126,0
DA:127,0
DA:129,0
DA:132,0
DA:133,0
DA:134,0
DA:136,0
DA:137,0
DA:138,0
DA:139,0
DA:143,0
DA:146,0
DA:147,0
DA:148,0
DA:155,0
DA:163,0
DA:164,0
DA:166,0
DA:167,0
DA:168,0
DA:169,0
DA:170,0
DA:173,0
DA:174,0
DA:185,0
DA:186,0
DA:187,0
DA:189,0
DA:191,0
DA:195,0
DA:196,0
DA:197,0
DA:203,0
DA:211,0
DA:215,0
DA:217,0
DA:218,0
DA:220,0
DA:221,0
DA:223,0
DA:224,0
DA:225,0
DA:227,0
DA:228,0
DA:229,0
DA:230,0
DA:233,0
DA:234,0
DA:235,0
DA:238,0
DA:239,0
DA:243,0
DA:244,0
DA:245,0
DA:255,0
DA:257,0
DA:259,0
DA:260,0
DA:261,0
DA:262,0
DA:263,0
DA:264,0
DA:265,0
DA:266,0
DA:267,0
DA:269,0
DA:270,0
DA:271,0
DA:272,0
DA:273,0
DA:282,0
DA:285,0
DA:286,0
DA:288,0
DA:289,0
DA:290,0
DA:292,0
DA:293,0
DA:294,0
DA:296,0
DA:313,1
DA:320,0
DA:322,0
DA:323,0
DA:333,0
DA:335,0
DA:336,0
DA:337,0
DA:338,0
DA:341,0
DA:342,0
DA:343,0
DA:344,0
DA:345,0
DA:347,0
DA:350,0
DA:353,0
DA:355,0
DA:356,0
DA:357,0
DA:359,0
DA:362,0
DA:363,0
DA:364,0
DA:366,0
DA:367,0
DA:370,0
DA:371,0
DA:372,0
DA:374,0
DA:375,0
DA:379,0
DA:383,0
DA:384,0
DA:385,0
DA:389,0
DA:390,0
DA:391,0
DA:396,0
DA:397,0
DA:399,0
DA:400,0
DA:401,0
DA:402,0
DA:403,0
DA:404,0
DA:408,0
DA:409,0
DA:413,0
DA:414,0
DA:415,0
DA:417,0
DA:418,0
DA:419,0
DA:433,0
DA:434,0
DA:436,0
DA:437,0
DA:442,2
LF:191
LH:39
end_of_record
SF:lib/screens/library.dart
DA:13,12
DA:14,0
DA:18,0
DA:19,0
DA:20,0
DA:21,0
DA:22,0
DA:23,0
DA:27,0
DA:29,1
DA:30,1
DA:41,0
DA:42,0
DA:43,0
DA:44,0
DA:49,0
DA:50,0
DA:51,0
DA:54,0
DA:55,0
DA:56,0
DA:57,0
DA:58,0
DA:59,0
DA:60,0
DA:61,0
DA:64,0
DA:66,0
DA:70,1
DA:72,3
DA:74,1
DA:75,1
DA:76,1
DA:78,1
DA:79,0
DA:81,0
DA:83,1
DA:84,1
DA:85,1
DA:86,1
DA:93,0
DA:95,0
DA:96,0
DA:97,0
DA:98,0
DA:100,0
DA:101,0
DA:104,0
DA:107,0
DA:114,0
DA:115,0
DA:116,0
DA:118,0
DA:121,0
DA:122,0
DA:123,0
DA:125,0
DA:127,0
DA:131,0
DA:132,0
DA:140,0
DA:147,1
DA:148,0
DA:149,0
LF:64
LH:14
end_of_record
SF:lib/screens/register.dart
DA:26,0
DA:28,2
DA:29,2
DA:37,6
DA:47,2
DA:49,4
DA:50,4
DA:51,4
DA:52,4
DA:53,2
DA:56,0
DA:57,0
DA:58,0
DA:59,0
DA:60,0
DA:61,0
DA:62,0
DA:63,0
DA:64,0
DA:65,0
DA:66,0
DA:69,0
DA:70,0
DA:71,0
DA:73,0
DA:76,0
DA:77,0
DA:78,0
DA:79,0
DA:82,0
DA:83,0
DA:84,0
DA:85,0
DA:86,0
DA:87,0
DA:88,0
DA:91,0
DA:92,0
DA:93,0
DA:94,0
DA:101,0
DA:102,0
DA:105,0
DA:106,0
DA:107,0
DA:108,0
DA:112,2
DA:114,2
DA:115,0
DA:116,0
DA:117,0
DA:118,0
DA:121,0
DA:126,0
DA:133,4
DA:134,2
DA:136,2
DA:137,2
DA:138,2
DA:139,2
DA:140,2
DA:141,2
DA:156,2
DA:163,2
DA:164,2
DA:165,2
DA:167,2
DA:169,0
DA:171,2
DA:172,2
DA:173,2
DA:174,2
DA:182,2
DA:183,2
DA:184,2
DA:185,2
DA:194,2
DA:195,2
DA:196,2
DA:197,2
DA:198,2
DA:200,2
DA:203,2
DA:204,0
DA:205,2
DA:206,4
DA:212,2
DA:216,2
DA:218,2
DA:219,2
DA:221,2
DA:222,4
DA:224,2
DA:225,2
DA:226,4
DA:235,2
DA:236,6
DA:237,11
DA:238,16
DA:240,2
DA:242,2
DA:246,2
DA:249,2
DA:251,12
DA:253,2
DA:254,3
DA:255,1
DA:256,1
DA:257,1
DA:258,1
DA:262,2
DA:265,2
DA:267,2
DA:268,2
DA:271,4
DA:272,3
DA:273,1
DA:274,1
DA:275,1
DA:279,2
DA:282,2
DA:284,4
DA:285,2
DA:288,4
DA:289,3
DA:290,1
DA:291,1
DA:295,2
DA:296,3
DA:297,2
DA:298,2
DA:299,4
DA:302,2
DA:303,2
DA:304,2
DA:307,0
DA:330,2
DA:341,2
DA:343,4
DA:344,4
DA:345,8
DA:351,0
DA:352,0
DA:353,0
DA:354,0
DA:355,0
DA:360,2
DA:361,2
DA:362,2
DA:363,8
DA:364,4
DA:368,5
DA:369,2
DA:372,8
DA:373,2
DA:374,2
DA:375,2
DA:377,6
DA:380,4
DA:394,2
DA:401,2
DA:403,2
DA:405,2
DA:408,4
DA:409,2
DA:414,1
DA:417,1
DA:418,1
DA:419,1
DA:420,1
DA:421,2
DA:422,4
DA:424,1
DA:426,2
LF:174
LH:123
end_of_record
SF:lib/widgets/auth_widgets.dart
DA:22,2
DA:24,2
DA:26,2
DA:29,2
DA:31,2
DA:32,2
DA:35,2
DA:38,4
DA:40,2
DA:43,4
DA:45,2
DA:46,2
DA:47,2
DA:48,4
DA:49,2
DA:50,2
DA:51,2
DA:52,6
DA:53,2
DA:54,2
DA:56,2
DA:58,2
DA:59,3
DA:63,2
DA:64,2
DA:65,2
DA:88,1
DA:90,1
DA:92,1
DA:94,1
DA:97,1
DA:99,1
DA:102,1
DA:104,1
DA:105,1
DA:106,1
DA:107,1
DA:114,1
DA:115,1
DA:119,1
DA:121,1
DA:123,1
DA:126,0
DA:138,1
DA:139,2
DA:140,3
DA:164,2
DA:166,2
DA:168,2
DA:169,2
DA:171,2
DA:172,2
DA:173,2
DA:174,2
DA:175,2
DA:182,2
DA:185,2
DA:197,2
DA:199,2
DA:201,2
DA:202,2
DA:203,2
DA:204,2
DA:205,4
DA:209,2
DA:213,2
DA:214,2
DA:215,4
DA:219,2
DA:234,2
DA:242,2
DA:244,2
DA:245,2
DA:247,2
DA:248,2
DA:249,2
DA:250,2
DA:251,2
DA:252,2
DA:256,2
DA:257,2
DA:258,2
DA:259,2
DA:260,2
DA:261,2
DA:264,2
DA:267,2
DA:268,4
DA:270,2
DA:271,2
DA:274,2
DA:277,2
DA:278,2
DA:302,2
DA:310,2
DA:312,2
DA:313,2
DA:314,2
DA:317,2
DA:320,2
DA:321,2
DA:322,2
DA:328,2
DA:330,2
DA:331,2
DA:332,2
DA:333,2
DA:335,2
DA:336,2
DA:338,2
DA:345,2
DA:348,2
DA:349,2
DA:350,0
DA:353,2
DA:355,4
DA:372,2
DA:374,2
DA:376,2
DA:377,2
DA:378,2
DA:379,10
LF:122
LH:120
end_of_record
SF:lib/repositories/forum_repository.dart
DA:28,0
DA:42,0
DA:43,0
DA:45,0
DA:46,0
DA:47,0
DA:48,0
DA:49,0
DA:50,0
DA:51,0
DA:52,0
DA:53,0
DA:54,0
DA:61,0
DA:63,0
DA:64,0
DA:65,0
DA:67,0
DA:68,0
DA:69,0
DA:72,0
DA:75,0
DA:76,0
DA:77,0
DA:79,0
DA:80,0
DA:84,0
DA:85,0
DA:86,0
DA:87,0
DA:98,0
DA:99,0
DA:100,0
DA:101,0
DA:102,0
DA:103,0
DA:104,0
DA:108,0
DA:109,0
DA:111,0
DA:113,0
DA:114,0
DA:115,0
DA:117,0
DA:118,0
DA:119,0
DA:143,1
DA:152,1
DA:164,2
DA:176,0
DA:179,0
DA:180,0
DA:181,0
LF:53
LH:3
end_of_record
SF:lib/screens/forum.dart
DA:9,0
DA:10,0
DA:17,0
DA:18,0
DA:30,0
DA:32,0
DA:33,0
DA:46,0
DA:47,0
DA:48,0
DA:49,0
DA:51,0
DA:53,0
DA:55,0
DA:59,0
DA:61,0
DA:62,0
DA:63,0
DA:64,0
DA:68,0
DA:70,0
DA:75,0
DA:76,0
DA:77,0
DA:78,0
DA:81,0
DA:85,0
DA:86,0
DA:88,0
DA:90,0
DA:94,0
DA:96,0
DA:97,0
DA:99,0
DA:100,0
DA:101,0
DA:103,0
DA:104,0
DA:106,0
DA:108,0
DA:109,0
DA:110,0
DA:111,0
DA:118,0
DA:119,0
DA:120,0
DA:121,0
DA:123,0
DA:125,0
DA:126,0
DA:127,0
DA:128,0
DA:129,0
DA:130,0
DA:132,0
DA:133,0
DA:134,0
DA:135,0
DA:137,0
DA:138,0
DA:140,0
DA:141,0
DA:142,0
DA:147,0
DA:148,0
DA:154,0
DA:156,0
DA:159,0
DA:160,0
DA:161,0
DA:163,0
DA:165,0
DA:166,0
DA:167,0
DA:168,0
DA:181,0
DA:182,0
DA:183,0
DA:188,0
DA:189,0
DA:204,0
DA:205,0
DA:207,0
DA:208,0
DA:209,0
DA:210,0
DA:212,0
DA:213,0
DA:215,0
DA:217,0
DA:218,0
DA:219,0
DA:220,0
DA:221,0
DA:235,0
DA:239,1
DA:241,0
DA:242,0
DA:251,0
DA:253,0
DA:254,0
DA:255,0
DA:258,0
DA:259,0
DA:260,0
DA:264,0
DA:265,0
DA:268,0
DA:269,0
DA:272,0
DA:275,0
DA:277,0
DA:279,0
DA:280,0
DA:283,0
DA:284,0
DA:285,0
DA:291,0
DA:292,0
DA:299,0
DA:300,0
DA:302,0
DA:303,0
DA:304,0
DA:306,0
DA:308,0
DA:310,0
DA:315,0
DA:316,0
DA:317,0
LF:130
LH:1
end_of_record
SF:lib/screens/teams.dart
DA:17,1
DA:19,2
DA:20,2
DA:40,0
DA:41,0
DA:42,0
DA:43,0
DA:49,2
DA:51,6
DA:53,2
DA:54,2
DA:55,2
DA:60,2
DA:61,2
DA:62,2
DA:63,0
DA:65,0
DA:66,0
DA:67,0
DA:70,4
DA:78,2
DA:79,4
DA:81,2
DA:82,2
DA:83,2
DA:86,2
DA:87,2
DA:89,2
DA:92,2
DA:106,2
DA:110,6
DA:112,4
DA:113,4
DA:115,2
DA:118,2
DA:119,0
DA:128,2
DA:131,0
DA:132,0
DA:134,2
DA:135,2
DA:136,2
DA:137,2
DA:157,2
DA:164,2
DA:166,2
DA:167,10
DA:168,14
DA:169,2
DA:170,2
DA:171,2
DA:173,2
DA:174,8
DA:175,3
DA:176,2
DA:177,4
DA:178,2
DA:179,2
DA:180,0
DA:181,0
DA:193,12
DA:195,2
DA:204,2
DA:210,2
DA:212,8
DA:214,2
DA:215,2
DA:218,2
DA:219,2
DA:221,2
DA:224,2
DA:225,4
DA:227,2
DA:230,6
DA:231,2
DA:232,2
DA:234,2
DA:235,2
DA:236,2
DA:237,4
DA:239,2
DA:241,2
DA:242,8
DA:244,2
DA:245,2
DA:246,4
DA:249,2
DA:252,2
DA:263,2
DA:264,4
DA:275,2
DA:276,4
DA:285,8
DA:287,2
DA:288,4
DA:294,2
DA:295,2
DA:296,2
DA:297,2
DA:298,2
DA:299,6
DA:300,2
DA:301,2
DA:303,6
DA:304,2
DA:307,2
DA:308,6
DA:309,2
DA:311,4
DA:312,2
DA:327,2
DA:329,2
DA:331,2
DA:333,2
DA:334,2
DA:335,2
DA:336,2
DA:337,2
DA:339,2
DA:341,2
DA:342,4
DA:344,2
DA:345,2
DA:346,2
DA:369,2
DA:371,2
DA:373,2
DA:374,2
DA:375,2
DA:377,2
DA:378,2
DA:379,2
DA:380,2
DA:381,2
DA:383,2
DA:384,2
DA:385,2
DA:387,4
DA:400,2
DA:402,2
DA:404,2
DA:405,2
DA:406,2
DA:407,2
DA:408,2
DA:409,2
DA:410,2
DA:412,2
DA:413,2
DA:414,4
DA:416,2
DA:417,2
DA:418,2
DA:421,2
DA:432,1
DA:434,2
DA:436,2
DA:437,2
DA:439,2
DA:440,2
DA:441,2
DA:448,2
DA:449,2
DA:451,2
DA:453,2
DA:494,2
DA:496,2
DA:501,2
DA:502,6
DA:503,4
DA:504,4
DA:505,4
DA:508,2
DA:509,2
DA:512,4
DA:514,10
DA:515,2
DA:518,8
DA:524,14
DA:526,2
DA:527,2
DA:529,2
DA:532,2
DA:533,2
DA:535,2
DA:536,2
DA:537,2
DA:539,2
DA:542,2
DA:543,2
DA:551,2
DA:566,1
DA:568,2
DA:570,2
DA:571,2
DA:573,2
DA:586,2
DA:589,2
DA:590,6
DA:592,2
DA:594,2
DA:595,2
DA:597,2
DA:599,2
DA:607,2
DA:608,2
DA:622,2
DA:633,2
DA:635,1
DA:637,1
DA:639,1
DA:641,1
DA:643,1
DA:644,1
DA:653,1
DA:656,2
DA:659,1
DA:661,1
DA:662,1
DA:663,1
DA:664,1
LF:221
LH:208
end_of_record
SF:lib/providers/session_controller.dart
DA:29,1
DA:36,0
DA:37,0
DA:38,0
DA:42,0
DA:43,0
DA:49,1
DA:52,2
DA:58,1
DA:63,1
DA:65,2
DA:67,2
DA:69,0
DA:73,5
DA:74,5
DA:75,5
DA:76,5
DA:77,5
DA:81,3
DA:82,3
DA:83,3
DA:84,5
DA:87,1
DA:89,2
DA:99,1
DA:101,2
DA:102,1
DA:103,2
DA:104,0
DA:114,1
DA:117,2
DA:118,1
DA:119,4
DA:121,0
DA:123,2
DA:124,2
DA:125,1
DA:126,2
DA:131,1
DA:137,1
DA:138,3
DA:139,1
DA:140,3
DA:145,1
DA:146,1
DA:147,3
DA:148,2
DA:149,3
DA:152,2
DA:155,4
DA:158,1
DA:161,2
DA:164,1
DA:169,2
DA:170,1
DA:171,1
DA:184,0
DA:186,0
DA:193,0
DA:195,0
DA:198,0
DA:199,0
DA:201,0
DA:203,0
DA:204,0
DA:208,3
DA:209,0
DA:211,0
DA:212,0
LF:69
LH:49
end_of_record
SF:lib/repositories/attendance_repository.dart
DA:22,0
DA:24,0
DA:27,0
DA:28,0
DA:29,0
DA:31,0
DA:32,0
DA:33,0
DA:34,0
DA:35,0
DA:43,0
DA:49,0
DA:52,0
DA:55,0
DA:56,0
DA:57,0
DA:61,0
DA:64,0
DA:65,0
DA:66,0
DA:67,0
DA:69,0
DA:73,0
DA:74,0
DA:78,0
DA:81,0
DA:82,0
DA:84,0
DA:86,0
DA:87,0
DA:88,0
DA:89,0
DA:100,0
DA:102,0
DA:112,0
DA:121,0
DA:127,0
DA:134,0
DA:135,0
DA:136,0
DA:140,0
DA:144,0
DA:146,0
DA:147,0
DA:148,0
DA:149,0
DA:150,0
DA:151,0
DA:157,0
DA:158,0
LF:50
LH:0
end_of_record
SF:lib/screens/dashboard.dart
DA:21,1
DA:25,0
DA:36,1
DA:38,2
DA:39,2
DA:40,2
DA:41,2
DA:43,1
DA:44,1
DA:45,1
DA:46,1
DA:48,2
DA:49,1
DA:51,1
DA:54,1
DA:55,0
DA:56,0
DA:57,0
DA:63,1
DA:66,1
DA:67,1
DA:74,1
DA:76,1
DA:78,1
DA:81,0
DA:94,1
DA:95,1
DA:97,1
DA:98,1
DA:99,0
DA:100,0
DA:104,0
DA:105,0
DA:106,0
DA:110,1
DA:111,1
DA:112,1
DA:113,1
DA:114,1
DA:115,1
DA:116,1
DA:117,1
DA:129,0
DA:130,0
DA:131,0
DA:134,0
DA:137,0
DA:143,1
DA:148,1
DA:149,1
DA:150,1
DA:151,1
DA:153,1
DA:154,1
DA:155,1
DA:156,0
DA:157,0
DA:159,1
DA:160,0
DA:167,1
DA:168,1
DA:170,1
DA:174,7
DA:175,1
DA:176,0
DA:186,1
DA:187,1
DA:196,1
DA:197,1
DA:198,1
DA:199,1
DA:200,1
DA:201,1
DA:202,0
DA:208,1
DA:209,1
DA:210,1
DA:212,5
DA:213,1
DA:223,0
DA:224,0
DA:225,0
DA:226,0
DA:228,0
DA:230,0
DA:231,0
DA:232,0
DA:244,0
DA:245,0
DA:246,0
DA:257,0
DA:258,0
DA:270,1
DA:274,0
DA:293,1
DA:300,1
DA:302,1
DA:303,1
DA:304,1
DA:305,1
DA:307,1
DA:308,1
DA:309,1
DA:312,1
DA:313,2
DA:314,1
DA:316,3
DA:322,1
DA:323,1
DA:324,1
LF:110
LH:76
end_of_record
SF:lib/screens/delete_account.dart
DA:16,3
DA:25,1
DA:27,1
DA:28,1
DA:39,1
DA:41,2
DA:42,2
DA:43,1
DA:46,1
DA:47,3
DA:49,3
DA:50,0
DA:53,2
DA:54,1
DA:55,1
DA:58,7
DA:59,4
DA:61,5
DA:63,4
DA:67,1
DA:68,3
DA:69,3
DA:72,2
DA:73,1
DA:74,1
DA:77,4
DA:78,4
DA:80,0
DA:82,4
DA:86,1
DA:88,3
DA:89,5
DA:91,2
DA:94,1
DA:95,1
DA:100,0
DA:105,1
DA:106,1
DA:107,1
DA:109,1
DA:110,1
DA:111,1
DA:112,1
DA:113,1
DA:116,1
DA:117,2
DA:133,1
DA:137,1
DA:138,5
DA:139,3
DA:141,1
DA:142,1
DA:143,1
DA:145,1
DA:146,0
DA:147,1
DA:150,1
DA:151,0
DA:152,2
DA:157,1
DA:158,3
DA:159,3
DA:161,1
DA:162,1
DA:164,1
DA:166,0
DA:173,2
DA:175,2
DA:177,1
DA:178,2
DA:179,1
DA:182,1
DA:183,2
DA:185,1
DA:186,2
DA:187,1
DA:190,2
DA:192,1
DA:210,1
DA:212,1
DA:214,1
DA:216,1
DA:219,1
DA:220,1
DA:221,1
DA:225,1
DA:227,1
DA:229,3
DA:232,1
DA:233,1
DA:234,1
DA:235,3
DA:245,0
LF:93
LH:86
end_of_record
SF:lib/screens/enrollments.dart
DA:9,0
DA:10,1
DA:11,1
DA:17,1
DA:19,3
DA:20,5
DA:21,5
DA:22,2
DA:24,1
DA:25,1
DA:26,1
DA:28,2
DA:29,1
DA:31,1
DA:34,3
DA:35,1
DA:36,1
DA:37,1
DA:38,3
DA:44,1
DA:45,1
DA:46,1
DA:47,2
DA:48,2
DA:49,2
DA:53,0
DA:55,0
DA:56,0
DA:57,0
DA:58,0
DA:59,0
DA:60,0
DA:61,0
DA:62,0
DA:63,0
DA:64,0
DA:66,0
DA:67,0
DA:69,0
DA:70,0
DA:72,0
DA:77,0
DA:88,1
DA:89,2
DA:90,1
DA:91,1
DA:92,0
DA:93,1
DA:95,1
DA:97,1
DA:100,1
DA:101,1
LF:52
LH:33
end_of_record
SF:lib/screens/forgot_password.dart
DA:14,0
DA:16,1
DA:17,1
DA:26,1
DA:28,2
DA:29,1
DA:32,0
DA:33,0
DA:34,0
DA:35,0
DA:38,0
DA:39,0
DA:40,0
DA:41,0
DA:44,0
DA:45,0
DA:47,0
DA:49,0
DA:53,0
DA:55,1
DA:57,1
DA:59,1
DA:60,1
DA:61,1
DA:62,0
DA:65,0
DA:69,0
DA:71,1
DA:72,1
DA:73,1
DA:74,1
DA:75,2
DA:90,1
DA:92,0
DA:94,1
DA:95,1
DA:96,1
DA:97,1
DA:101,0
DA:104,1
DA:105,4
LF:41
LH:22
end_of_record
SF:lib/screens/help.dart
DA:6,0
DA:8,1
DA:10,1
DA:11,1
DA:12,1
DA:14,1
DA:15,1
DA:17,1
DA:18,1
DA:19,1
DA:20,1
DA:21,1
DA:24,1
DA:27,1
DA:34,1
DA:37,0
DA:38,0
DA:55,1
DA:56,1
DA:58,1
DA:59,1
DA:60,1
DA:62,0
LF:23
LH:19
end_of_record
SF:lib/screens/login.dart
DA:22,0
DA:24,1
DA:25,1
DA:36,1
DA:38,2
DA:39,2
DA:40,1
DA:45,0
DA:46,0
DA:47,0
DA:48,0
DA:49,0
DA:50,0
DA:51,0
DA:52,0
DA:58,0
DA:59,0
DA:60,0
DA:61,0
DA:62,0
DA:66,0
DA:67,0
DA:68,0
DA:69,0
DA:73,0
DA:74,0
DA:75,0
DA:77,0
DA:82,0
DA:83,0
DA:86,0
DA:87,0
DA:88,0
DA:89,0
DA:94,0
DA:97,1
DA:99,2
DA:100,1
DA:101,1
DA:102,1
DA:111,1
DA:113,1
DA:115,1
DA:121,1
DA:122,1
DA:123,1
DA:125,1
DA:127,0
DA:129,1
DA:130,1
DA:131,1
DA:132,1
DA:136,1
DA:142,1
DA:143,1
DA:144,1
DA:145,1
DA:146,1
DA:148,0
DA:149,1
DA:155,1
DA:156,0
DA:157,1
DA:158,2
DA:162,1
DA:163,1
DA:165,1
DA:166,1
DA:167,1
DA:175,1
DA:176,4
DA:177,1
DA:180,1
DA:183,1
DA:185,1
DA:186,1
DA:187,1
LF:77
LH:45
end_of_record
SF:lib/screens/messages.dart
DA:14,0
DA:16,1
DA:18,2
DA:20,1
DA:21,1
DA:22,1
DA:28,1
DA:29,1
DA:30,1
DA:31,1
DA:32,1
DA:33,0
DA:36,0
DA:37,0
DA:38,0
DA:40,0
DA:41,0
DA:42,0
DA:46,1
DA:47,0
DA:49,0
DA:55,1
DA:56,0
DA:65,0
DA:66,0
DA:70,0
DA:72,0
DA:76,0
DA:77,0
DA:78,0
DA:79,0
DA:80,0
DA:82,0
DA:83,0
DA:84,0
DA:95,1
DA:97,1
DA:99,3
DA:101,1
DA:103,1
DA:104,1
DA:105,0
DA:109,1
DA:110,0
DA:113,0
DA:115,0
DA:117,0
DA:118,0
DA:121,0
DA:122,0
DA:139,0
DA:141,0
DA:142,0
DA:144,0
DA:145,0
DA:146,0
DA:147,0
DA:150,0
DA:152,0
DA:153,0
DA:155,0
DA:156,0
DA:157,0
DA:160,0
DA:161,0
DA:163,0
DA:166,0
DA:167,0
DA:168,0
DA:172,0
DA:173,0
DA:180,0
DA:183,0
DA:184,0
DA:185,0
DA:188,0
DA:189,0
DA:193,0
DA:194,0
DA:200,0
DA:201,0
DA:202,0
DA:211,1
DA:213,1
DA:215,1
DA:216,1
DA:218,1
DA:220,1
DA:234,1
DA:235,1
DA:249,0
DA:252,0
DA:261,0
DA:262,0
DA:263,0
DA:264,0
DA:266,0
DA:269,0
DA:271,0
DA:272,0
DA:274,0
DA:276,0
DA:284,0
DA:285,0
DA:290,0
DA:292,0
DA:294,0
DA:295,0
DA:297,0
DA:298,0
DA:307,0
DA:308,0
DA:324,1
DA:326,0
DA:327,0
DA:343,0
DA:345,0
DA:346,0
DA:347,0
DA:350,0
DA:351,0
DA:352,0
DA:353,0
DA:354,0
DA:355,0
DA:356,0
DA:357,0
DA:361,0
DA:362,0
DA:365,0
DA:366,0
DA:368,0
DA:369,0
DA:370,0
DA:371,0
DA:372,0
DA:373,0
DA:376,0
DA:377,0
DA:378,0
DA:379,0
DA:380,0
DA:385,0
DA:387,0
DA:388,0
DA:389,0
DA:391,0
DA:397,0
DA:400,0
DA:401,0
DA:402,0
DA:405,0
DA:406,0
DA:407,0
DA:422,0
DA:423,0
DA:425,0
DA:426,0
DA:431,0
DA:432,0
DA:438,0
DA:440,0
DA:448,0
DA:449,0
DA:450,0
DA:451,0
DA:452,0
DA:458,0
DA:461,0
DA:469,0
DA:477,0
DA:478,0
DA:479,0
DA:480,0
DA:481,0
DA:482,0
DA:484,0
DA:485,0
DA:486,0
DA:489,0
DA:490,0
DA:491,0
DA:494,0
LF:183
LH:28
end_of_record
SF:lib/screens/notifications.dart
DA:18,0
DA:20,1
DA:22,2
DA:23,3
DA:25,1
DA:27,1
DA:28,1
DA:29,1
DA:31,1
DA:32,3
DA:33,0
DA:34,0
DA:42,1
DA:43,1
DA:44,1
DA:45,1
DA:46,0
DA:47,0
DA:48,0
DA:49,0
DA:51,0
DA:53,0
DA:54,0
DA:55,0
DA:56,0
DA:57,0
DA:62,1
DA:63,0
DA:65,0
DA:79,0
DA:84,0
DA:86,0
DA:90,0
DA:91,0
DA:93,0
DA:95,0
DA:96,0
DA:97,0
DA:99,0
DA:104,0
DA:106,0
DA:107,0
DA:111,0
DA:113,0
DA:114,0
DA:116,0
DA:117,0
DA:126,0
DA:128,0
DA:129,0
DA:131,0
DA:132,0
DA:133,0
DA:134,0
DA:137,0
DA:139,0
DA:140,0
DA:141,0
DA:143,0
DA:146,0
DA:147,0
DA:152,0
DA:153,0
DA:154,0
DA:159,0
DA:161,0
DA:162,0
DA:163,0
DA:168,0
DA:169,0
DA:170,0
DA:176,0
DA:182,0
DA:189,1
DA:191,1
DA:223,0
DA:225,0
DA:227,0
DA:228,0
DA:230,0
DA:232,0
DA:240,0
DA:241,0
DA:246,0
DA:247,0
DA:259,0
LF:86
LH:16
end_of_record
SF:lib/screens/presence.dart
DA:28,0
DA:30,1
DA:32,2
DA:33,1
DA:34,1
DA:35,1
DA:36,1
DA:37,1
DA:38,1
DA:46,1
DA:47,1
DA:49,1
DA:50,0
DA:51,0
DA:52,1
DA:53,1
DA:54,1
DA:70,0
DA:71,0
DA:72,0
DA:75,0
DA:76,0
DA:77,0
DA:78,0
DA:80,0
DA:85,0
DA:86,0
DA:87,0
DA:88,0
DA:90,0
DA:98,1
DA:100,0
DA:102,0
DA:103,0
DA:105,0
DA:119,0
DA:122,0
DA:123,0
DA:133,1
DA:135,0
DA:136,0
DA:145,0
DA:147,0
DA:148,0
DA:151,0
DA:152,0
DA:153,0
DA:155,0
DA:156,0
DA:159,0
DA:160,0
DA:161,0
DA:163,0
DA:165,0
DA:166,0
DA:167,0
DA:168,0
DA:169,0
DA:170,0
DA:171,0
DA:173,0
DA:174,0
DA:179,0
DA:180,0
DA:181,0
DA:182,0
DA:183,0
DA:184,0
DA:185,0
DA:191,0
DA:193,0
DA:195,0
DA:199,0
DA:200,0
DA:202,0
DA:207,0
DA:209,0
DA:210,0
DA:211,0
DA:212,0
DA:213,0
DA:214,0
DA:216,0
DA:217,0
DA:225,0
DA:226,0
DA:227,0
DA:230,0
DA:231,0
DA:234,0
DA:235,0
DA:236,0
DA:241,0
DA:245,0
DA:247,0
DA:248,0
DA:251,0
DA:252,0
DA:253,0
DA:254,0
DA:259,0
DA:260,0
DA:261,0
DA:281,1
DA:283,1
DA:284,1
DA:293,0
DA:294,0
DA:295,0
DA:296,0
DA:299,0
DA:300,0
DA:301,0
DA:303,0
DA:305,0
DA:306,0
DA:307,0
DA:310,0
DA:312,0
DA:316,1
DA:318,3
DA:319,3
DA:320,3
DA:321,1
DA:322,1
DA:324,1
DA:338,1
DA:339,1
DA:340,0
DA:341,0
DA:342,1
DA:346,1
DA:347,0
DA:349,1
DA:353,7
DA:354,1
DA:356,1
DA:357,1
DA:358,1
DA:362,1
DA:363,1
DA:364,1
DA:365,1
DA:366,4
DA:368,1
DA:371,1
DA:372,1
DA:375,1
DA:376,1
DA:377,2
DA:381,2
DA:382,1
DA:385,1
DA:386,3
DA:389,1
DA:391,0
DA:393,1
DA:394,1
DA:397,1
DA:398,1
DA:414,0
DA:416,0
DA:417,0
DA:425,0
DA:427,0
DA:428,0
DA:429,0
DA:432,0
DA:433,0
DA:434,0
DA:437,0
DA:439,0
DA:440,0
DA:443,0
DA:446,0
DA:448,0
DA:452,0
DA:455,0
DA:457,0
DA:458,0
DA:459,0
DA:460,0
DA:462,0
DA:463,0
DA:464,0
DA:465,0
DA:467,0
DA:469,0
DA:471,0
DA:472,0
DA:478,0
DA:480,0
DA:481,0
DA:483,0
DA:485,0
DA:486,0
DA:487,0
DA:488,0
DA:493,0
DA:496,0
DA:497,0
DA:509,0
DA:511,0
DA:512,0
DA:514,0
DA:515,0
DA:516,0
DA:521,0
DA:522,0
DA:527,0
DA:530,0
DA:531,0
DA:552,0
DA:554,0
DA:556,0
DA:558,0
DA:559,0
DA:560,0
DA:562,0
DA:564,0
DA:565,0
DA:566,0
DA:567,0
DA:569,0
DA:580,1
DA:582,1
DA:607,1
DA:609,1
DA:611,1
DA:613,1
DA:615,1
DA:616,1
DA:621,2
DA:625,3
DA:633,2
LF:235
LH:67
end_of_record
SF:lib/screens/schedule.dart
DA:19,0
DA:21,1
DA:22,1
DA:32,1
DA:34,3
DA:35,3
DA:36,2
DA:37,4
DA:39,1
DA:40,1
DA:41,1
DA:42,1
DA:44,2
DA:47,1
DA:54,0
DA:55,0
DA:56,0
DA:58,0
DA:59,0
DA:60,0
DA:63,0
DA:64,0
DA:65,0
DA:68,0
DA:70,0
DA:73,0
DA:74,0
DA:75,0
DA:76,0
DA:77,0
DA:78,0
DA:79,0
DA:80,0
DA:82,0
DA:83,0
DA:85,0
DA:86,0
DA:87,0
DA:89,0
DA:91,0
DA:92,0
DA:93,0
DA:94,0
DA:95,0
DA:96,0
DA:97,0
DA:98,0
DA:118,2
DA:119,2
DA:120,4
DA:121,12
DA:123,4
DA:124,4
DA:125,10
DA:126,2
DA:127,3
DA:128,1
DA:136,2
DA:137,4
DA:138,0
DA:139,8
DA:154,1
DA:156,4
DA:159,1
DA:160,1
DA:161,1
DA:162,2
DA:163,2
DA:164,2
DA:165,1
DA:166,1
DA:168,3
DA:169,1
DA:171,2
DA:174,7
DA:175,4
DA:180,1
DA:182,3
DA:183,2
DA:187,2
DA:188,4
DA:205,2
DA:213,0
DA:217,0
DA:219,0
DA:221,0
DA:222,0
DA:223,0
DA:224,0
DA:225,0
DA:227,0
DA:228,0
DA:229,0
DA:230,0
DA:231,0
DA:247,0
DA:249,0
DA:251,0
DA:252,0
DA:253,0
DA:254,0
DA:257,0
DA:258,0
DA:259,0
DA:260,0
DA:261,0
DA:263,0
DA:265,0
DA:266,0
DA:267,0
DA:270,0
DA:273,0
DA:277,0
DA:280,0
DA:282,0
DA:284,0
DA:302,0
DA:304,0
DA:306,0
DA:308,0
DA:310,0
DA:311,0
DA:313,0
DA:314,0
DA:315,0
DA:322,0
DA:323,0
DA:325,0
DA:326,0
DA:327,0
DA:328,0
DA:329,0
DA:333,0
DA:334,0
DA:335,0
DA:336,0
DA:337,0
DA:338,0
DA:339,0
DA:340,0
DA:341,0
DA:357,0
DA:359,0
DA:361,0
DA:364,0
DA:365,0
DA:366,0
DA:367,0
DA:368,0
DA:370,0
DA:371,0
DA:373,0
DA:374,0
DA:375,0
DA:382,0
DA:384,0
DA:386,0
DA:387,0
DA:388,0
DA:396,0
DA:397,0
DA:398,0
DA:399,0
DA:400,0
DA:401,0
DA:402,0
DA:413,0
LF:167
LH:47
end_of_record
SF:lib/widgets/scope_selector.dart
DA:20,1
DA:22,1
DA:24,2
DA:25,1
DA:26,2
DA:27,2
DA:29,1
DA:31,1
DA:32,1
DA:33,0
DA:34,1
DA:35,1
DA:38,5
DA:39,0
DA:40,1
DA:41,1
DA:42,1
DA:44,1
DA:46,0
DA:50,1
DA:51,1
DA:52,1
DA:53,1
DA:54,4
DA:57,0
DA:59,0
DA:62,0
DA:63,0
DA:68,1
DA:70,1
DA:71,2
DA:72,1
DA:75,1
DA:76,2
DA:77,1
DA:81,0
DA:82,0
DA:94,2
LF:38
LH:29
end_of_record
SF:lib/screens/settings.dart
DA:18,0
DA:20,3
DA:21,3
DA:46,1
DA:47,3
DA:50,1
DA:51,1
DA:52,3
DA:54,1
DA:56,1
DA:58,3
DA:62,2
DA:63,3
DA:67,2
DA:68,1
DA:69,1
DA:72,5
DA:73,1
DA:74,5
DA:75,3
DA:76,3
DA:79,1
DA:80,4
DA:82,4
DA:86,1
DA:87,1
DA:88,1
DA:89,2
DA:92,1
DA:93,1
DA:94,1
DA:95,2
DA:101,1
DA:105,4
DA:108,0
DA:109,0
DA:112,0
DA:114,0
DA:115,0
DA:126,0
DA:128,0
DA:132,0
DA:134,0
DA:135,0
DA:136,0
DA:141,0
DA:143,0
DA:147,0
DA:148,0
DA:149,0
DA:153,0
DA:154,0
DA:155,0
DA:158,0
DA:159,0
DA:160,0
DA:161,0
DA:167,0
DA:169,0
DA:170,0
DA:171,0
DA:174,0
DA:176,0
DA:178,0
DA:182,3
DA:184,9
DA:185,3
DA:187,3
DA:188,3
DA:190,3
DA:191,3
DA:193,3
DA:194,3
DA:195,3
DA:197,3
DA:198,3
DA:200,3
DA:201,6
DA:202,3
DA:203,3
DA:205,6
DA:206,3
DA:209,9
DA:210,0
DA:211,9
DA:215,3
DA:221,3
DA:225,3
DA:226,3
DA:227,6
DA:229,3
DA:232,0
DA:233,0
DA:243,3
DA:245,0
DA:246,0
DA:251,3
DA:252,3
DA:256,3
DA:257,9
DA:259,6
DA:262,3
DA:269,6
DA:271,3
DA:272,1
DA:274,1
DA:275,1
DA:279,3
DA:280,3
DA:285,0
DA:287,3
DA:289,3
DA:293,3
DA:296,3
DA:302,0
DA:303,0
DA:327,1
DA:329,1
DA:330,1
DA:334,4
DA:336,1
DA:338,2
DA:339,1
DA:342,1
DA:344,3
DA:345,1
DA:346,1
DA:347,1
DA:350,1
DA:356,1
DA:357,1
DA:365,0
DA:369,1
DA:370,1
DA:371,2
DA:374,1
DA:378,4
DA:393,3
DA:399,3
DA:401,9
DA:402,3
DA:404,0
DA:407,0
DA:409,0
DA:411,0
DA:414,0
DA:415,0
LF:147
LH:101
end_of_record
SF:lib/services/profile_photo_service.dart
DA:31,0
DA:33,0
DA:34,0
DA:35,0
DA:43,0
DA:48,0
DA:49,0
DA:51,0
DA:52,0
DA:57,0
DA:58,0
DA:59,0
DA:60,0
DA:63,0
DA:68,0
DA:70,0
DA:71,0
DA:72,0
DA:73,0
DA:76,0
DA:80,0
DA:81,0
DA:84,0
DA:89,0
DA:91,0
DA:92,0
DA:96,0
DA:97,0
DA:98,0
DA:104,0
DA:106,0
DA:113,0
DA:114,0
DA:115,0
DA:118,0
DA:120,0
DA:122,0
DA:127,0
DA:131,0
DA:135,0
DA:136,0
DA:137,0
DA:138,0
DA:140,0
DA:143,0
DA:150,0
DA:151,0
DA:152,0
DA:155,0
DA:156,0
DA:164,0
DA:165,0
DA:166,0
DA:168,0
DA:170,0
DA:175,0
DA:176,0
DA:177,0
DA:181,0
DA:182,0
DA:184,0
LF:61
LH:0
end_of_record
SF:lib/screens/students_list.dart
DA:10,0
DA:12,1
DA:14,2
DA:15,1
DA:16,1
DA:17,1
DA:19,2
DA:20,1
DA:22,1
DA:24,0
DA:28,1
DA:29,1
DA:31,1
DA:32,0
DA:33,1
DA:34,1
DA:35,1
DA:36,0
DA:37,1
DA:38,1
DA:39,1
DA:40,1
DA:41,2
DA:43,1
DA:44,1
DA:46,1
DA:47,2
DA:50,5
DA:55,2
LF:29
LH:25
end_of_record
SF:lib/screens/teachers_list.dart
DA:10,0
DA:12,1
DA:14,2
DA:15,1
DA:16,1
DA:17,1
DA:19,2
DA:20,1
DA:22,1
DA:24,0
DA:28,1
DA:29,1
DA:31,1
DA:32,0
DA:33,1
DA:34,1
DA:35,1
DA:36,0
DA:37,1
DA:38,1
DA:39,1
DA:40,1
DA:41,2
DA:43,1
DA:44,1
DA:46,1
DA:47,2
DA:49,5
DA:54,2
LF:29
LH:25
end_of_record
SF:lib/screens/ues_list.dart
DA:11,0
DA:13,1
DA:15,2
DA:16,2
DA:17,2
DA:18,1
DA:19,1
DA:20,1
DA:22,4
DA:23,1
DA:25,1
DA:27,0
DA:34,1
DA:41,0
DA:43,0
DA:44,0
DA:45,0
DA:46,0
DA:47,0
DA:48,0
DA:49,0
DA:50,0
DA:51,0
DA:52,0
DA:53,0
DA:54,0
DA:57,0
DA:58,0
DA:60,0
DA:61,0
DA:64,0
DA:65,0
DA:67,0
DA:68,0
DA:70,0
LF:35
LH:11
end_of_record
